Analysis & Synthesis report for COutput
Tue Dec 08 13:50:54 2015
Quartus II 64-Bit Version 13.0.1 Build 232 06/12/2013 Service Pack 1 SJ Web Edition


---------------------
; Table of Contents ;
---------------------
  1. Legal Notice
  2. Analysis & Synthesis Summary
  3. Analysis & Synthesis Settings
  4. Parallel Compilation
  5. Analysis & Synthesis Source Files Read
  6. Analysis & Synthesis Resource Usage Summary
  7. Analysis & Synthesis Resource Utilization by Entity
  8. User-Specified and Inferred Latches
  9. General Register Statistics
 10. Multiplexer Restructuring Statistics (Restructuring Performed)
 11. Parameter Settings for User Entity Instance: controller:inst1
 12. Elapsed Time Per Partition
 13. Analysis & Synthesis Messages
 14. Analysis & Synthesis Suppressed Messages



----------------
; Legal Notice ;
----------------
Copyright (C) 1991-2013 Altera Corporation
Your use of Altera Corporation's design tools, logic functions 
and other software and tools, and its AMPP partner logic 
functions, and any output files from any of the foregoing 
(including device programming or simulation files), and any 
associated documentation or information are expressly subject 
to the terms and conditions of the Altera Program License 
Subscription Agreement, Altera MegaCore Function License 
Agreement, or other applicable license agreement, including, 
without limitation, that your use is for the sole purpose of 
programming logic devices manufactured by Altera and sold by 
Altera or its authorized distributors.  Please refer to the 
applicable agreement for further details.



+--------------------------------------------------------------------------------------+
; Analysis & Synthesis Summary                                                         ;
+------------------------------------+-------------------------------------------------+
; Analysis & Synthesis Status        ; Successful - Tue Dec 08 13:50:54 2015           ;
; Quartus II 64-Bit Version          ; 13.0.1 Build 232 06/12/2013 SP 1 SJ Web Edition ;
; Revision Name                      ; COutput                                         ;
; Top-level Entity Name              ; COutput                                         ;
; Family                             ; Cyclone II                                      ;
; Total logic elements               ; 45                                              ;
;     Total combinational functions  ; 45                                              ;
;     Dedicated logic registers      ; 4                                               ;
; Total registers                    ; 4                                               ;
; Total pins                         ; 24                                              ;
; Total virtual pins                 ; 0                                               ;
; Total memory bits                  ; 0                                               ;
; Embedded Multiplier 9-bit elements ; 0                                               ;
; Total PLLs                         ; 0                                               ;
+------------------------------------+-------------------------------------------------+


+----------------------------------------------------------------------------------------------------------------------+
; Analysis & Synthesis Settings                                                                                        ;
+----------------------------------------------------------------------------+--------------------+--------------------+
; Option                                                                     ; Setting            ; Default Value      ;
+----------------------------------------------------------------------------+--------------------+--------------------+
; Device                                                                     ; EP2C20F484C7       ;                    ;
; Top-level entity name                                                      ; COutput            ; COutput            ;
; Family name                                                                ; Cyclone II         ; Cyclone IV GX      ;
; Use smart compilation                                                      ; Off                ; Off                ;
; Enable parallel Assembler and TimeQuest Timing Analyzer during compilation ; On                 ; On                 ;
; Enable compact report table                                                ; Off                ; Off                ;
; Restructure Multiplexers                                                   ; Auto               ; Auto               ;
; Create Debugging Nodes for IP Cores                                        ; Off                ; Off                ;
; Preserve fewer node names                                                  ; On                 ; On                 ;
; Disable OpenCore Plus hardware evaluation                                  ; Off                ; Off                ;
; Verilog Version                                                            ; Verilog_2001       ; Verilog_2001       ;
; VHDL Version                                                               ; VHDL_1993          ; VHDL_1993          ;
; State Machine Processing                                                   ; Auto               ; Auto               ;
; Safe State Machine                                                         ; Off                ; Off                ;
; Extract Verilog State Machines                                             ; On                 ; On                 ;
; Extract VHDL State Machines                                                ; On                 ; On                 ;
; Ignore Verilog initial constructs                                          ; Off                ; Off                ;
; Iteration limit for constant Verilog loops                                 ; 5000               ; 5000               ;
; Iteration limit for non-constant Verilog loops                             ; 250                ; 250                ;
; Add Pass-Through Logic to Inferred RAMs                                    ; On                 ; On                 ;
; Infer RAMs from Raw Logic                                                  ; On                 ; On                 ;
; Parallel Synthesis                                                         ; On                 ; On                 ;
; DSP Block Balancing                                                        ; Auto               ; Auto               ;
; NOT Gate Push-Back                                                         ; On                 ; On                 ;
; Power-Up Don't Care                                                        ; On                 ; On                 ;
; Remove Redundant Logic Cells                                               ; Off                ; Off                ;
; Remove Duplicate Registers                                                 ; On                 ; On                 ;
; Ignore CARRY Buffers                                                       ; Off                ; Off                ;
; Ignore CASCADE Buffers                                                     ; Off                ; Off                ;
; Ignore GLOBAL Buffers                                                      ; Off                ; Off                ;
; Ignore ROW GLOBAL Buffers                                                  ; Off                ; Off                ;
; Ignore LCELL Buffers                                                       ; Off                ; Off                ;
; Ignore SOFT Buffers                                                        ; On                 ; On                 ;
; Limit AHDL Integers to 32 Bits                                             ; Off                ; Off                ;
; Optimization Technique                                                     ; Balanced           ; Balanced           ;
; Carry Chain Length                                                         ; 70                 ; 70                 ;
; Auto Carry Chains                                                          ; On                 ; On                 ;
; Auto Open-Drain Pins                                                       ; On                 ; On                 ;
; Perform WYSIWYG Primitive Resynthesis                                      ; Off                ; Off                ;
; Auto ROM Replacement                                                       ; On                 ; On                 ;
; Auto RAM Replacement                                                       ; On                 ; On                 ;
; Auto Shift Register Replacement                                            ; Auto               ; Auto               ;
; Allow Shift Register Merging across Hierarchies                            ; Auto               ; Auto               ;
; Auto Clock Enable Replacement                                              ; On                 ; On                 ;
; Strict RAM Replacement                                                     ; Off                ; Off                ;
; Allow Synchronous Control Signals                                          ; On                 ; On                 ;
; Force Use of Synchronous Clear Signals                                     ; Off                ; Off                ;
; Auto RAM to Logic Cell Conversion                                          ; Off                ; Off                ;
; Auto Resource Sharing                                                      ; Off                ; Off                ;
; Allow Any RAM Size For Recognition                                         ; Off                ; Off                ;
; Allow Any ROM Size For Recognition                                         ; Off                ; Off                ;
; Allow Any Shift Register Size For Recognition                              ; Off                ; Off                ;
; Use LogicLock Constraints during Resource Balancing                        ; On                 ; On                 ;
; Ignore translate_off and synthesis_off directives                          ; Off                ; Off                ;
; Timing-Driven Synthesis                                                    ; Off                ; Off                ;
; Report Parameter Settings                                                  ; On                 ; On                 ;
; Report Source Assignments                                                  ; On                 ; On                 ;
; Report Connectivity Checks                                                 ; On                 ; On                 ;
; Ignore Maximum Fan-Out Assignments                                         ; Off                ; Off                ;
; Synchronization Register Chain Length                                      ; 2                  ; 2                  ;
; PowerPlay Power Optimization                                               ; Normal compilation ; Normal compilation ;
; HDL message level                                                          ; Level2             ; Level2             ;
; Suppress Register Optimization Related Messages                            ; Off                ; Off                ;
; Number of Removed Registers Reported in Synthesis Report                   ; 5000               ; 5000               ;
; Number of Swept Nodes Reported in Synthesis Report                         ; 5000               ; 5000               ;
; Number of Inverted Registers Reported in Synthesis Report                  ; 100                ; 100                ;
; Clock MUX Protection                                                       ; On                 ; On                 ;
; Auto Gated Clock Conversion                                                ; Off                ; Off                ;
; Block Design Naming                                                        ; Auto               ; Auto               ;
; SDC constraint protection                                                  ; Off                ; Off                ;
; Synthesis Effort                                                           ; Auto               ; Auto               ;
; Shift Register Replacement - Allow Asynchronous Clear Signal               ; On                 ; On                 ;
; Pre-Mapping Resynthesis Optimization                                       ; Off                ; Off                ;
; Analysis & Synthesis Message Level                                         ; Medium             ; Medium             ;
; Disable Register Merging Across Hierarchies                                ; Auto               ; Auto               ;
; Resource Aware Inference For Block RAM                                     ; On                 ; On                 ;
; Synthesis Seed                                                             ; 1                  ; 1                  ;
+----------------------------------------------------------------------------+--------------------+--------------------+


Parallel compilation was disabled, but you have multiple processors available. Enable parallel compilation to reduce compilation time.
+-------------------------------------+
; Parallel Compilation                ;
+----------------------------+--------+
; Processors                 ; Number ;
+----------------------------+--------+
; Number detected on machine ; 4      ;
; Maximum allowed            ; 1      ;
+----------------------------+--------+


+------------------------------------------------------------------------------------------------------------------------------------------------------------------------------------------------------------------------------------------+
; Analysis & Synthesis Source Files Read                                                                                                                                                                                                   ;
+--------------------------------------------------------------------+-----------------+------------------------------------+----------------------------------------------------------------------------------------------------+---------+
; File Name with User-Entered Path                                   ; Used in Netlist ; File Type                          ; File Name with Absolute Path                                                                       ; Library ;
+--------------------------------------------------------------------+-----------------+------------------------------------+----------------------------------------------------------------------------------------------------+---------+
; ../../../Quartus Designs/fourbittosinglesevseg/fourtosingleseven.v ; yes             ; User Verilog HDL File              ; E:/College Stuff/Fall 2015/Digital Logic/Quartus Designs/fourbittosinglesevseg/fourtosingleseven.v ;         ;
; ../Controller/TRISCCON.v                                           ; yes             ; User Verilog HDL File              ; E:/College Stuff/Fall 2015/Digital Logic/Term Project/Part B/Controller/TRISCCON.v                 ;         ;
; COutput.bdf                                                        ; yes             ; User Block Diagram/Schematic File  ; E:/College Stuff/Fall 2015/Digital Logic/Term Project/Part B/Con with output/COutput.bdf           ;         ;
+--------------------------------------------------------------------+-----------------+------------------------------------+----------------------------------------------------------------------------------------------------+---------+


+-------------------------------------------------------------------------+
; Analysis & Synthesis Resource Usage Summary                             ;
+---------------------------------------------+---------------------------+
; Resource                                    ; Usage                     ;
+---------------------------------------------+---------------------------+
; Estimated Total logic elements              ; 45                        ;
;                                             ;                           ;
; Total combinational functions               ; 45                        ;
; Logic element usage by number of LUT inputs ;                           ;
;     -- 4 input functions                    ; 20                        ;
;     -- 3 input functions                    ; 22                        ;
;     -- <=2 input functions                  ; 3                         ;
;                                             ;                           ;
; Logic elements by mode                      ;                           ;
;     -- normal mode                          ; 45                        ;
;     -- arithmetic mode                      ; 0                         ;
;                                             ;                           ;
; Total registers                             ; 4                         ;
;     -- Dedicated logic registers            ; 4                         ;
;     -- I/O registers                        ; 0                         ;
;                                             ;                           ;
; I/O pins                                    ; 24                        ;
; Embedded Multiplier 9-bit elements          ; 0                         ;
; Maximum fan-out node                        ; controller:inst1|state[0] ;
; Maximum fan-out                             ; 22                        ;
; Total fan-out                               ; 179                       ;
; Average fan-out                             ; 2.45                      ;
+---------------------------------------------+---------------------------+


+------------------------------------------------------------------------------------------------------------------------------------------------------------------------------------------------+
; Analysis & Synthesis Resource Utilization by Entity                                                                                                                                            ;
+--------------------------------+-------------------+--------------+-------------+--------------+---------+-----------+------+--------------+------------------------------------+--------------+
; Compilation Hierarchy Node     ; LC Combinationals ; LC Registers ; Memory Bits ; DSP Elements ; DSP 9x9 ; DSP 18x18 ; Pins ; Virtual Pins ; Full Hierarchy Name                ; Library Name ;
+--------------------------------+-------------------+--------------+-------------+--------------+---------+-----------+------+--------------+------------------------------------+--------------+
; |COutput                       ; 45 (0)            ; 4 (0)        ; 0           ; 0            ; 0       ; 0         ; 24   ; 0            ; |COutput                           ; work         ;
;    |binarytosingleseven:inst2| ; 7 (7)             ; 0 (0)        ; 0           ; 0            ; 0       ; 0         ; 0    ; 0            ; |COutput|binarytosingleseven:inst2 ; work         ;
;    |controller:inst1|          ; 38 (38)           ; 4 (4)        ; 0           ; 0            ; 0       ; 0         ; 0    ; 0            ; |COutput|controller:inst1          ; work         ;
+--------------------------------+-------------------+--------------+-------------+--------------+---------+-----------+------+--------------+------------------------------------+--------------+
Note: For table entries with two numbers listed, the numbers in parentheses indicate the number of resources of the given type used by the specific entity alone. The numbers listed outside of parentheses indicate the total resources of the given type used by the specific entity and all of its sub-entities in the hierarchy.


+-------------------------------------------------------------------------------------------------------+
; User-Specified and Inferred Latches                                                                   ;
+-----------------------------------------------------+------------------------+------------------------+
; Latch Name                                          ; Latch Enable Signal    ; Free of Timing Hazards ;
+-----------------------------------------------------+------------------------+------------------------+
; controller:inst1|S[4]                               ; controller:inst1|Mux14 ; yes                    ;
; controller:inst1|S[0]                               ; controller:inst1|Mux14 ; yes                    ;
; controller:inst1|S[1]                               ; controller:inst1|Mux14 ; yes                    ;
; controller:inst1|S[5]                               ; controller:inst1|Mux14 ; yes                    ;
; controller:inst1|S[11]                              ; controller:inst1|Mux14 ; yes                    ;
; controller:inst1|S[10]                              ; controller:inst1|Mux14 ; yes                    ;
; controller:inst1|S[9]                               ; controller:inst1|Mux14 ; yes                    ;
; controller:inst1|S[8]                               ; controller:inst1|Mux14 ; yes                    ;
; controller:inst1|S[7]                               ; controller:inst1|Mux14 ; yes                    ;
; controller:inst1|S[6]                               ; controller:inst1|Mux14 ; yes                    ;
; controller:inst1|S[3]                               ; controller:inst1|Mux14 ; yes                    ;
; controller:inst1|S[2]                               ; controller:inst1|Mux14 ; yes                    ;
; controller:inst1|instruction[0]                     ; controller:inst1|Mux16 ; yes                    ;
; controller:inst1|instruction[1]                     ; controller:inst1|Mux16 ; yes                    ;
; controller:inst1|instruction[2]                     ; controller:inst1|Mux16 ; yes                    ;
; controller:inst1|instruction[3]                     ; controller:inst1|Mux16 ; yes                    ;
; Number of user-specified and inferred latches = 16  ;                        ;                        ;
+-----------------------------------------------------+------------------------+------------------------+
Note: All latches listed above may not be present at the end of synthesis due to various synthesis optimizations.


+------------------------------------------------------+
; General Register Statistics                          ;
+----------------------------------------------+-------+
; Statistic                                    ; Value ;
+----------------------------------------------+-------+
; Total registers                              ; 4     ;
; Number of registers using Synchronous Clear  ; 0     ;
; Number of registers using Synchronous Load   ; 0     ;
; Number of registers using Asynchronous Clear ; 0     ;
; Number of registers using Asynchronous Load  ; 0     ;
; Number of registers using Clock Enable       ; 0     ;
; Number of registers using Preset             ; 0     ;
+----------------------------------------------+-------+


+--------------------------------------------------------------------------------------------------------------------------------------------------+
; Multiplexer Restructuring Statistics (Restructuring Performed)                                                                                   ;
+--------------------+-----------+---------------+----------------------+------------------------+------------+------------------------------------+
; Multiplexer Inputs ; Bus Width ; Baseline Area ; Area if Restructured ; Saving if Restructured ; Registered ; Example Multiplexer Output         ;
+--------------------+-----------+---------------+----------------------+------------------------+------------+------------------------------------+
; 16:1               ; 4 bits    ; 40 LEs        ; 40 LEs               ; 0 LEs                  ; Yes        ; |COutput|controller:inst1|state[3] ;
+--------------------+-----------+---------------+----------------------+------------------------+------------+------------------------------------+


+---------------------------------------------------------------+
; Parameter Settings for User Entity Instance: controller:inst1 ;
+----------------+-------+--------------------------------------+
; Parameter Name ; Value ; Type                                 ;
+----------------+-------+--------------------------------------+
; A              ; 0000  ; Unsigned Binary                      ;
; B              ; 0001  ; Unsigned Binary                      ;
; C              ; 0010  ; Unsigned Binary                      ;
; D              ; 0011  ; Unsigned Binary                      ;
; E              ; 0100  ; Unsigned Binary                      ;
; F              ; 0101  ; Unsigned Binary                      ;
; G              ; 0110  ; Unsigned Binary                      ;
; H              ; 0111  ; Unsigned Binary                      ;
; I              ; 1000  ; Unsigned Binary                      ;
; J              ; 1001  ; Unsigned Binary                      ;
; K              ; 1010  ; Unsigned Binary                      ;
; L              ; 1011  ; Unsigned Binary                      ;
; M              ; 1100  ; Unsigned Binary                      ;
; N              ; 1101  ; Unsigned Binary                      ;
; O              ; 1110  ; Unsigned Binary                      ;
; P              ; 1111  ; Unsigned Binary                      ;
+----------------+-------+--------------------------------------+
Note: In order to hide this table in the UI and the text report file, please set the "Show Parameter Settings in Synthesis Report" option in "Analysis and Synthesis Settings -> More Settings" to "Off".


+-------------------------------+
; Elapsed Time Per Partition    ;
+----------------+--------------+
; Partition Name ; Elapsed Time ;
+----------------+--------------+
; Top            ; 00:00:00     ;
+----------------+--------------+


+-------------------------------+
; Analysis & Synthesis Messages ;
+-------------------------------+
Info: *******************************************************************
Info: Running Quartus II 64-Bit Analysis & Synthesis
    Info: Version 13.0.1 Build 232 06/12/2013 Service Pack 1 SJ Web Edition
    Info: Processing started: Tue Dec 08 13:50:50 2015
Info: Command: quartus_map --read_settings_files=on --write_settings_files=off COutput -c COutput
Warning (20028): Parallel compilation is not licensed and has been disabled
Info (12021): Found 1 design units, including 1 entities, in source file /college stuff/fall 2015/digital logic/quartus designs/fourbittosinglesevseg/singlesevensegblock.bdf
    Info (12023): Found entity 1: singlesevensegblock
Info (12021): Found 1 design units, including 1 entities, in source file /college stuff/fall 2015/digital logic/quartus designs/fourbittosinglesevseg/fourtosingleseven.v
    Info (12023): Found entity 1: binarytosingleseven
Info (12021): Found 1 design units, including 1 entities, in source file /college stuff/fall 2015/digital logic/term project/part b/controller/trisccon.v
    Info (12023): Found entity 1: controller
Info (12021): Found 1 design units, including 1 entities, in source file coutput.bdf
    Info (12023): Found entity 1: COutput
Info (12127): Elaborating entity "COutput" for the top level hierarchy
Info (12128): Elaborating entity "binarytosingleseven" for hierarchy "binarytosingleseven:inst2"
Info (12128): Elaborating entity "controller" for hierarchy "controller:inst1"
Warning (10270): Verilog HDL Case Statement warning at TRISCCON.v(20): incomplete case statement has no default case item
Warning (10240): Verilog HDL Always Construct warning at TRISCCON.v(18): inferring latch(es) for variable "instruction", which holds its previous value in one or more paths through the always construct
Warning (10235): Verilog HDL Always Construct warning at TRISCCON.v(38): variable "instruction" is read inside the Always Construct but isn't in the Always Construct's Event Control
Warning (10240): Verilog HDL Always Construct warning at TRISCCON.v(31): inferring latch(es) for variable "S", which holds its previous value in one or more paths through the always construct
Info (10041): Inferred latch for "S[0]" at TRISCCON.v(31)
Info (10041): Inferred latch for "S[1]" at TRISCCON.v(31)
Info (10041): Inferred latch for "S[2]" at TRISCCON.v(31)
Info (10041): Inferred latch for "S[3]" at TRISCCON.v(31)
Info (10041): Inferred latch for "S[4]" at TRISCCON.v(31)
Info (10041): Inferred latch for "S[5]" at TRISCCON.v(31)
Info (10041): Inferred latch for "S[6]" at TRISCCON.v(31)
Info (10041): Inferred latch for "S[7]" at TRISCCON.v(31)
Info (10041): Inferred latch for "S[8]" at TRISCCON.v(31)
Info (10041): Inferred latch for "S[9]" at TRISCCON.v(31)
Info (10041): Inferred latch for "S[10]" at TRISCCON.v(31)
Info (10041): Inferred latch for "S[11]" at TRISCCON.v(31)
Info (10041): Inferred latch for "instruction[0]" at TRISCCON.v(18)
Info (10041): Inferred latch for "instruction[1]" at TRISCCON.v(18)
Info (10041): Inferred latch for "instruction[2]" at TRISCCON.v(18)
Info (10041): Inferred latch for "instruction[3]" at TRISCCON.v(18)
Info (13025): Duplicate LATCH primitives merged into single LATCH primitive
    Info (13026): Duplicate LATCH primitive "controller:inst1|S[6]" merged with LATCH primitive "controller:inst1|S[7]"
    Info (13026): Duplicate LATCH primitive "controller:inst1|S[2]" merged with LATCH primitive "controller:inst1|S[3]"
Warning (13012): Latch controller:inst1|S[4] has unsafe behavior
    Warning (13013): Ports D and ENA on the latch are fed by the same signal controller:inst1|state[0]
Warning (13012): Latch controller:inst1|S[0] has unsafe behavior
    Warning (13013): Ports D and ENA on the latch are fed by the same signal controller:inst1|state[0]
Warning (13012): Latch controller:inst1|S[1] has unsafe behavior
    Warning (13013): Ports D and ENA on the latch are fed by the same signal controller:inst1|state[1]
Warning (13012): Latch controller:inst1|S[5] has unsafe behavior
    Warning (13013): Ports D and ENA on the latch are fed by the same signal controller:inst1|state[0]
Warning (13012): Latch controller:inst1|S[11] has unsafe behavior
    Warning (13013): Ports D and ENA on the latch are fed by the same signal controller:inst1|state[0]
Warning (13012): Latch controller:inst1|S[10] has unsafe behavior
    Warning (13013): Ports D and ENA on the latch are fed by the same signal controller:inst1|state[0]
Warning (13012): Latch controller:inst1|S[9] has unsafe behavior
    Warning (13013): Ports D and ENA on the latch are fed by the same signal controller:inst1|state[0]
Warning (13012): Latch controller:inst1|S[8] has unsafe behavior
    Warning (13013): Ports D and ENA on the latch are fed by the same signal controller:inst1|state[0]
Warning (13012): Latch controller:inst1|S[7] has unsafe behavior
    Warning (13013): Ports D and ENA on the latch are fed by the same signal controller:inst1|state[0]
Warning (13012): Latch controller:inst1|S[3] has unsafe behavior
    Warning (13013): Ports D and ENA on the latch are fed by the same signal controller:inst1|state[0]
Warning (13012): Latch controller:inst1|instruction[0] has unsafe behavior
    Warning (13013): Ports D and ENA on the latch are fed by the same signal SW1
Warning (13012): Latch controller:inst1|instruction[1] has unsafe behavior
    Warning (13013): Ports D and ENA on the latch are fed by the same signal SW2
Warning (13012): Latch controller:inst1|instruction[2] has unsafe behavior
    Warning (13013): Ports D and ENA on the latch are fed by the same signal SW1
Warning (13012): Latch controller:inst1|instruction[3] has unsafe behavior
    Warning (13013): Ports D and ENA on the latch are fed by the same signal SW0
Info (144001): Generated suppressed messages file E:/College Stuff/Fall 2015/Digital Logic/Term Project/Part B/Con with output/output_files/COutput.map.smsg
Info (16010): Generating hard_block partition "hard_block:auto_generated_inst"
    Info (16011): Adding 0 node(s), including 0 DDIO, 0 PLL, 0 transceiver and 0 LCELL
Info (21057): Implemented 69 device resources after synthesis - the final resource count might be different
    Info (21058): Implemented 5 input pins
    Info (21059): Implemented 19 output pins
    Info (21061): Implemented 45 logic cells
Info: Quartus II 64-Bit Analysis & Synthesis was successful. 0 errors, 33 warnings
    Info: Peak virtual memory: 437 megabytes
    Info: Processing ended: Tue Dec 08 13:50:54 2015
    Info: Elapsed time: 00:00:04
    Info: Total CPU time (on all processors): 00:00:01


+------------------------------------------+
; Analysis & Synthesis Suppressed Messages ;
+------------------------------------------+
The suppressed messages can be found in E:/College Stuff/Fall 2015/Digital Logic/Term Project/Part B/Con with output/output_files/COutput.map.smsg.


