Analysis & Synthesis report for PartBCon
Sat Dec 05 12:04:33 2015
Quartus II 64-Bit Version 13.0.1 Build 232 06/12/2013 Service Pack 1 SJ Web Edition


---------------------
; Table of Contents ;
---------------------
  1. Legal Notice
  2. Analysis & Synthesis Summary
  3. Analysis & Synthesis Settings
  4. Parallel Compilation
  5. Analysis & Synthesis Source Files Read
  6. Analysis & Synthesis Resource Usage Summary
  7. Analysis & Synthesis Resource Utilization by Entity
  8. State Machine - |PartBCon|controller:inst1|state
  9. User-Specified and Inferred Latches
 10. Registers Removed During Synthesis
 11. General Register Statistics
 12. Parameter Settings for User Entity Instance: controller:inst1
 13. Elapsed Time Per Partition
 14. Analysis & Synthesis Messages
 15. Analysis & Synthesis Suppressed Messages



----------------
; Legal Notice ;
----------------
Copyright (C) 1991-2013 Altera Corporation
Your use of Altera Corporation's design tools, logic functions 
and other software and tools, and its AMPP partner logic 
functions, and any output files from any of the foregoing 
(including device programming or simulation files), and any 
associated documentation or information are expressly subject 
to the terms and conditions of the Altera Program License 
Subscription Agreement, Altera MegaCore Function License 
Agreement, or other applicable license agreement, including, 
without limitation, that your use is for the sole purpose of 
programming logic devices manufactured by Altera and sold by 
Altera or its authorized distributors.  Please refer to the 
applicable agreement for further details.



+--------------------------------------------------------------------------------------+
; Analysis & Synthesis Summary                                                         ;
+------------------------------------+-------------------------------------------------+
; Analysis & Synthesis Status        ; Successful - Sat Dec 05 12:04:32 2015           ;
; Quartus II 64-Bit Version          ; 13.0.1 Build 232 06/12/2013 SP 1 SJ Web Edition ;
; Revision Name                      ; PartBCon                                        ;
; Top-level Entity Name              ; PartBCon                                        ;
; Family                             ; Cyclone II                                      ;
; Total logic elements               ; 43                                              ;
;     Total combinational functions  ; 34                                              ;
;     Dedicated logic registers      ; 15                                              ;
; Total registers                    ; 15                                              ;
; Total pins                         ; 17                                              ;
; Total virtual pins                 ; 0                                               ;
; Total memory bits                  ; 0                                               ;
; Embedded Multiplier 9-bit elements ; 0                                               ;
; Total PLLs                         ; 0                                               ;
+------------------------------------+-------------------------------------------------+


+----------------------------------------------------------------------------------------------------------------------+
; Analysis & Synthesis Settings                                                                                        ;
+----------------------------------------------------------------------------+--------------------+--------------------+
; Option                                                                     ; Setting            ; Default Value      ;
+----------------------------------------------------------------------------+--------------------+--------------------+
; Device                                                                     ; EP2C20F484C7       ;                    ;
; Top-level entity name                                                      ; PartBCon           ; PartBCon           ;
; Family name                                                                ; Cyclone II         ; Cyclone IV GX      ;
; Use smart compilation                                                      ; Off                ; Off                ;
; Enable parallel Assembler and TimeQuest Timing Analyzer during compilation ; On                 ; On                 ;
; Enable compact report table                                                ; Off                ; Off                ;
; Restructure Multiplexers                                                   ; Auto               ; Auto               ;
; Create Debugging Nodes for IP Cores                                        ; Off                ; Off                ;
; Preserve fewer node names                                                  ; On                 ; On                 ;
; Disable OpenCore Plus hardware evaluation                                  ; Off                ; Off                ;
; Verilog Version                                                            ; Verilog_2001       ; Verilog_2001       ;
; VHDL Version                                                               ; VHDL_1993          ; VHDL_1993          ;
; State Machine Processing                                                   ; Auto               ; Auto               ;
; Safe State Machine                                                         ; Off                ; Off                ;
; Extract Verilog State Machines                                             ; On                 ; On                 ;
; Extract VHDL State Machines                                                ; On                 ; On                 ;
; Ignore Verilog initial constructs                                          ; Off                ; Off                ;
; Iteration limit for constant Verilog loops                                 ; 5000               ; 5000               ;
; Iteration limit for non-constant Verilog loops                             ; 250                ; 250                ;
; Add Pass-Through Logic to Inferred RAMs                                    ; On                 ; On                 ;
; Infer RAMs from Raw Logic                                                  ; On                 ; On                 ;
; Parallel Synthesis                                                         ; On                 ; On                 ;
; DSP Block Balancing                                                        ; Auto               ; Auto               ;
; NOT Gate Push-Back                                                         ; On                 ; On                 ;
; Power-Up Don't Care                                                        ; On                 ; On                 ;
; Remove Redundant Logic Cells                                               ; Off                ; Off                ;
; Remove Duplicate Registers                                                 ; On                 ; On                 ;
; Ignore CARRY Buffers                                                       ; Off                ; Off                ;
; Ignore CASCADE Buffers                                                     ; Off                ; Off                ;
; Ignore GLOBAL Buffers                                                      ; Off                ; Off                ;
; Ignore ROW GLOBAL Buffers                                                  ; Off                ; Off                ;
; Ignore LCELL Buffers                                                       ; Off                ; Off                ;
; Ignore SOFT Buffers                                                        ; On                 ; On                 ;
; Limit AHDL Integers to 32 Bits                                             ; Off                ; Off                ;
; Optimization Technique                                                     ; Balanced           ; Balanced           ;
; Carry Chain Length                                                         ; 70                 ; 70                 ;
; Auto Carry Chains                                                          ; On                 ; On                 ;
; Auto Open-Drain Pins                                                       ; On                 ; On                 ;
; Perform WYSIWYG Primitive Resynthesis                                      ; Off                ; Off                ;
; Auto ROM Replacement                                                       ; On                 ; On                 ;
; Auto RAM Replacement                                                       ; On                 ; On                 ;
; Auto Shift Register Replacement                                            ; Auto               ; Auto               ;
; Allow Shift Register Merging across Hierarchies                            ; Auto               ; Auto               ;
; Auto Clock Enable Replacement                                              ; On                 ; On                 ;
; Strict RAM Replacement                                                     ; Off                ; Off                ;
; Allow Synchronous Control Signals                                          ; On                 ; On                 ;
; Force Use of Synchronous Clear Signals                                     ; Off                ; Off                ;
; Auto RAM to Logic Cell Conversion                                          ; Off                ; Off                ;
; Auto Resource Sharing                                                      ; Off                ; Off                ;
; Allow Any RAM Size For Recognition                                         ; Off                ; Off                ;
; Allow Any ROM Size For Recognition                                         ; Off                ; Off                ;
; Allow Any Shift Register Size For Recognition                              ; Off                ; Off                ;
; Use LogicLock Constraints during Resource Balancing                        ; On                 ; On                 ;
; Ignore translate_off and synthesis_off directives                          ; Off                ; Off                ;
; Timing-Driven Synthesis                                                    ; Off                ; Off                ;
; Report Parameter Settings                                                  ; On                 ; On                 ;
; Report Source Assignments                                                  ; On                 ; On                 ;
; Report Connectivity Checks                                                 ; On                 ; On                 ;
; Ignore Maximum Fan-Out Assignments                                         ; Off                ; Off                ;
; Synchronization Register Chain Length                                      ; 2                  ; 2                  ;
; PowerPlay Power Optimization                                               ; Normal compilation ; Normal compilation ;
; HDL message level                                                          ; Level2             ; Level2             ;
; Suppress Register Optimization Related Messages                            ; Off                ; Off                ;
; Number of Removed Registers Reported in Synthesis Report                   ; 5000               ; 5000               ;
; Number of Swept Nodes Reported in Synthesis Report                         ; 5000               ; 5000               ;
; Number of Inverted Registers Reported in Synthesis Report                  ; 100                ; 100                ;
; Clock MUX Protection                                                       ; On                 ; On                 ;
; Auto Gated Clock Conversion                                                ; Off                ; Off                ;
; Block Design Naming                                                        ; Auto               ; Auto               ;
; SDC constraint protection                                                  ; Off                ; Off                ;
; Synthesis Effort                                                           ; Auto               ; Auto               ;
; Shift Register Replacement - Allow Asynchronous Clear Signal               ; On                 ; On                 ;
; Pre-Mapping Resynthesis Optimization                                       ; Off                ; Off                ;
; Analysis & Synthesis Message Level                                         ; Medium             ; Medium             ;
; Disable Register Merging Across Hierarchies                                ; Auto               ; Auto               ;
; Resource Aware Inference For Block RAM                                     ; On                 ; On                 ;
; Synthesis Seed                                                             ; 1                  ; 1                  ;
+----------------------------------------------------------------------------+--------------------+--------------------+


Parallel compilation was disabled, but you have multiple processors available. Enable parallel compilation to reduce compilation time.
+-------------------------------------+
; Parallel Compilation                ;
+----------------------------+--------+
; Processors                 ; Number ;
+----------------------------+--------+
; Number detected on machine ; 4      ;
; Maximum allowed            ; 1      ;
+----------------------------+--------+


+-------------------------------------------------------------------------------------------------------------------------------------------------------------------------------------------------------------------------+
; Analysis & Synthesis Source Files Read                                                                                                                                                                                  ;
+---------------------------------------------------------+-----------------+------------------------------------+----------------------------------------------------------------------------------------------+---------+
; File Name with User-Entered Path                        ; Used in Netlist ; File Type                          ; File Name with Absolute Path                                                                 ; Library ;
+---------------------------------------------------------+-----------------+------------------------------------+----------------------------------------------------------------------------------------------+---------+
; ../../../Quartus Designs/Lab 9/Instruction Decoder/ID.v ; yes             ; User Verilog HDL File              ; E:/College Stuff/Fall 2015/Digital Logic/Quartus Designs/Lab 9/Instruction Decoder/ID.v      ;         ;
; ../Controller/TRISCCON.v                                ; yes             ; User Verilog HDL File              ; E:/College Stuff/Fall 2015/Digital Logic/Term Project/Part B/Controller/TRISCCON.v           ;         ;
; PartBCon.bdf                                            ; yes             ; User Block Diagram/Schematic File  ; E:/College Stuff/Fall 2015/Digital Logic/Term Project/Part B/Controller with ID/PartBCon.bdf ;         ;
+---------------------------------------------------------+-----------------+------------------------------------+----------------------------------------------------------------------------------------------+---------+


+-----------------------------------------------------+
; Analysis & Synthesis Resource Usage Summary         ;
+---------------------------------------------+-------+
; Resource                                    ; Usage ;
+---------------------------------------------+-------+
; Estimated Total logic elements              ; 43    ;
;                                             ;       ;
; Total combinational functions               ; 34    ;
; Logic element usage by number of LUT inputs ;       ;
;     -- 4 input functions                    ; 9     ;
;     -- 3 input functions                    ; 20    ;
;     -- <=2 input functions                  ; 5     ;
;                                             ;       ;
; Logic elements by mode                      ;       ;
;     -- normal mode                          ; 34    ;
;     -- arithmetic mode                      ; 0     ;
;                                             ;       ;
; Total registers                             ; 15    ;
;     -- Dedicated logic registers            ; 15    ;
;     -- I/O registers                        ; 0     ;
;                                             ;       ;
; I/O pins                                    ; 17    ;
; Embedded Multiplier 9-bit elements          ; 0     ;
; Maximum fan-out node                        ; CLK   ;
; Maximum fan-out                             ; 15    ;
; Total fan-out                               ; 145   ;
; Average fan-out                             ; 2.20  ;
+---------------------------------------------+-------+


+------------------------------------------------------------------------------------------------------------------------------------------------------------------------------------+
; Analysis & Synthesis Resource Utilization by Entity                                                                                                                                ;
+----------------------------+-------------------+--------------+-------------+--------------+---------+-----------+------+--------------+----------------------------+--------------+
; Compilation Hierarchy Node ; LC Combinationals ; LC Registers ; Memory Bits ; DSP Elements ; DSP 9x9 ; DSP 18x18 ; Pins ; Virtual Pins ; Full Hierarchy Name        ; Library Name ;
+----------------------------+-------------------+--------------+-------------+--------------+---------+-----------+------+--------------+----------------------------+--------------+
; |PartBCon                  ; 34 (0)            ; 15 (0)       ; 0           ; 0            ; 0       ; 0         ; 17   ; 0            ; |PartBCon                  ; work         ;
;    |controller:inst1|      ; 34 (34)           ; 15 (15)      ; 0           ; 0            ; 0       ; 0         ; 0    ; 0            ; |PartBCon|controller:inst1 ; work         ;
+----------------------------+-------------------+--------------+-------------+--------------+---------+-----------+------+--------------+----------------------------+--------------+
Note: For table entries with two numbers listed, the numbers in parentheses indicate the number of resources of the given type used by the specific entity alone. The numbers listed outside of parentheses indicate the total resources of the given type used by the specific entity and all of its sub-entities in the hierarchy.


Encoding Type:  One-Hot
+----------------------------------------------------------------------------------------------------------------------------------------------------------------------------------------------------------------------------+
; State Machine - |PartBCon|controller:inst1|state                                                                                                                                                                           ;
+------------+------------+------------+------------+------------+------------+------------+------------+------------+------------+------------+------------+------------+------------+------------+------------+------------+
; Name       ; state.1111 ; state.1110 ; state.1101 ; state.1100 ; state.1011 ; state.1010 ; state.1001 ; state.1000 ; state.0111 ; state.0110 ; state.0101 ; state.0100 ; state.0011 ; state.0010 ; state.0001 ; state.0000 ;
+------------+------------+------------+------------+------------+------------+------------+------------+------------+------------+------------+------------+------------+------------+------------+------------+------------+
; state.0000 ; 0          ; 0          ; 0          ; 0          ; 0          ; 0          ; 0          ; 0          ; 0          ; 0          ; 0          ; 0          ; 0          ; 0          ; 0          ; 0          ;
; state.0001 ; 0          ; 0          ; 0          ; 0          ; 0          ; 0          ; 0          ; 0          ; 0          ; 0          ; 0          ; 0          ; 0          ; 0          ; 1          ; 1          ;
; state.0010 ; 0          ; 0          ; 0          ; 0          ; 0          ; 0          ; 0          ; 0          ; 0          ; 0          ; 0          ; 0          ; 0          ; 1          ; 0          ; 1          ;
; state.0011 ; 0          ; 0          ; 0          ; 0          ; 0          ; 0          ; 0          ; 0          ; 0          ; 0          ; 0          ; 0          ; 1          ; 0          ; 0          ; 1          ;
; state.0100 ; 0          ; 0          ; 0          ; 0          ; 0          ; 0          ; 0          ; 0          ; 0          ; 0          ; 0          ; 1          ; 0          ; 0          ; 0          ; 1          ;
; state.0101 ; 0          ; 0          ; 0          ; 0          ; 0          ; 0          ; 0          ; 0          ; 0          ; 0          ; 1          ; 0          ; 0          ; 0          ; 0          ; 1          ;
; state.0110 ; 0          ; 0          ; 0          ; 0          ; 0          ; 0          ; 0          ; 0          ; 0          ; 1          ; 0          ; 0          ; 0          ; 0          ; 0          ; 1          ;
; state.0111 ; 0          ; 0          ; 0          ; 0          ; 0          ; 0          ; 0          ; 0          ; 1          ; 0          ; 0          ; 0          ; 0          ; 0          ; 0          ; 1          ;
; state.1000 ; 0          ; 0          ; 0          ; 0          ; 0          ; 0          ; 0          ; 1          ; 0          ; 0          ; 0          ; 0          ; 0          ; 0          ; 0          ; 1          ;
; state.1001 ; 0          ; 0          ; 0          ; 0          ; 0          ; 0          ; 1          ; 0          ; 0          ; 0          ; 0          ; 0          ; 0          ; 0          ; 0          ; 1          ;
; state.1010 ; 0          ; 0          ; 0          ; 0          ; 0          ; 1          ; 0          ; 0          ; 0          ; 0          ; 0          ; 0          ; 0          ; 0          ; 0          ; 1          ;
; state.1011 ; 0          ; 0          ; 0          ; 0          ; 1          ; 0          ; 0          ; 0          ; 0          ; 0          ; 0          ; 0          ; 0          ; 0          ; 0          ; 1          ;
; state.1100 ; 0          ; 0          ; 0          ; 1          ; 0          ; 0          ; 0          ; 0          ; 0          ; 0          ; 0          ; 0          ; 0          ; 0          ; 0          ; 1          ;
; state.1101 ; 0          ; 0          ; 1          ; 0          ; 0          ; 0          ; 0          ; 0          ; 0          ; 0          ; 0          ; 0          ; 0          ; 0          ; 0          ; 1          ;
; state.1110 ; 0          ; 1          ; 0          ; 0          ; 0          ; 0          ; 0          ; 0          ; 0          ; 0          ; 0          ; 0          ; 0          ; 0          ; 0          ; 1          ;
; state.1111 ; 1          ; 0          ; 0          ; 0          ; 0          ; 0          ; 0          ; 0          ; 0          ; 0          ; 0          ; 0          ; 0          ; 0          ; 0          ; 1          ;
+------------+------------+------------+------------+------------+------------+------------+------------+------------+------------+------------+------------+------------+------------+------------+------------+------------+


+------------------------------------------------------------------------------------------------------------+
; User-Specified and Inferred Latches                                                                        ;
+-----------------------------------------------------+-----------------------------+------------------------+
; Latch Name                                          ; Latch Enable Signal         ; Free of Timing Hazards ;
+-----------------------------------------------------+-----------------------------+------------------------+
; controller:inst1|S[11]                              ; controller:inst1|state.1110 ; yes                    ;
; controller:inst1|S[10]                              ; controller:inst1|state.1110 ; yes                    ;
; controller:inst1|S[9]                               ; controller:inst1|state.1110 ; yes                    ;
; controller:inst1|S[8]                               ; controller:inst1|state.1110 ; yes                    ;
; controller:inst1|S[7]                               ; controller:inst1|state.1110 ; yes                    ;
; controller:inst1|S[6]                               ; controller:inst1|state.1110 ; yes                    ;
; controller:inst1|S[5]                               ; controller:inst1|state.1110 ; yes                    ;
; controller:inst1|S[4]                               ; controller:inst1|state.1110 ; yes                    ;
; controller:inst1|S[3]                               ; controller:inst1|state.1110 ; yes                    ;
; controller:inst1|S[2]                               ; controller:inst1|state.1110 ; yes                    ;
; controller:inst1|S[0]                               ; controller:inst1|state.1110 ; yes                    ;
; controller:inst1|instruction.O_281                  ; controller:inst1|WideNor0   ; yes                    ;
; controller:inst1|instruction.H_297                  ; controller:inst1|WideNor0   ; yes                    ;
; controller:inst1|instruction.L_289                  ; controller:inst1|WideNor0   ; yes                    ;
; controller:inst1|instruction.P_273                  ; controller:inst1|WideNor0   ; yes                    ;
; controller:inst1|instruction.F_313                  ; controller:inst1|WideNor0   ; yes                    ;
; controller:inst1|instruction.G_305                  ; controller:inst1|WideNor0   ; yes                    ;
; Number of user-specified and inferred latches = 17  ;                             ;                        ;
+-----------------------------------------------------+-----------------------------+------------------------+
Note: All latches listed above may not be present at the end of synthesis due to various synthesis optimizations.


+--------------------------------------------------------------------------------+
; Registers Removed During Synthesis                                             ;
+---------------------------------------+----------------------------------------+
; Register name                         ; Reason for Removal                     ;
+---------------------------------------+----------------------------------------+
; controller:inst1|state~2              ; Lost fanout                            ;
; controller:inst1|state~3              ; Lost fanout                            ;
; controller:inst1|state~4              ; Lost fanout                            ;
; controller:inst1|state~5              ; Lost fanout                            ;
; controller:inst1|state.1111           ; Stuck at GND due to stuck port data_in ;
; Total Number of Removed Registers = 5 ;                                        ;
+---------------------------------------+----------------------------------------+


+------------------------------------------------------+
; General Register Statistics                          ;
+----------------------------------------------+-------+
; Statistic                                    ; Value ;
+----------------------------------------------+-------+
; Total registers                              ; 15    ;
; Number of registers using Synchronous Clear  ; 0     ;
; Number of registers using Synchronous Load   ; 0     ;
; Number of registers using Asynchronous Clear ; 0     ;
; Number of registers using Asynchronous Load  ; 0     ;
; Number of registers using Clock Enable       ; 0     ;
; Number of registers using Preset             ; 0     ;
+----------------------------------------------+-------+


+---------------------------------------------------------------+
; Parameter Settings for User Entity Instance: controller:inst1 ;
+----------------+-------+--------------------------------------+
; Parameter Name ; Value ; Type                                 ;
+----------------+-------+--------------------------------------+
; A              ; 0000  ; Unsigned Binary                      ;
; B              ; 0001  ; Unsigned Binary                      ;
; C              ; 0010  ; Unsigned Binary                      ;
; D              ; 0011  ; Unsigned Binary                      ;
; E              ; 0100  ; Unsigned Binary                      ;
; F              ; 0101  ; Unsigned Binary                      ;
; G              ; 0110  ; Unsigned Binary                      ;
; H              ; 0111  ; Unsigned Binary                      ;
; I              ; 1000  ; Unsigned Binary                      ;
; J              ; 1001  ; Unsigned Binary                      ;
; K              ; 1010  ; Unsigned Binary                      ;
; L              ; 1011  ; Unsigned Binary                      ;
; M              ; 1100  ; Unsigned Binary                      ;
; N              ; 1101  ; Unsigned Binary                      ;
; O              ; 1110  ; Unsigned Binary                      ;
; P              ; 1111  ; Unsigned Binary                      ;
+----------------+-------+--------------------------------------+
Note: In order to hide this table in the UI and the text report file, please set the "Show Parameter Settings in Synthesis Report" option in "Analysis and Synthesis Settings -> More Settings" to "Off".


+-------------------------------+
; Elapsed Time Per Partition    ;
+----------------+--------------+
; Partition Name ; Elapsed Time ;
+----------------+--------------+
; Top            ; 00:00:00     ;
+----------------+--------------+


+-------------------------------+
; Analysis & Synthesis Messages ;
+-------------------------------+
Info: *******************************************************************
Info: Running Quartus II 64-Bit Analysis & Synthesis
    Info: Version 13.0.1 Build 232 06/12/2013 Service Pack 1 SJ Web Edition
    Info: Processing started: Sat Dec 05 12:04:27 2015
Info: Command: quartus_map --read_settings_files=on --write_settings_files=off PartBCon -c PartBCon
Warning (20028): Parallel compilation is not licensed and has been disabled
Info (12021): Found 1 design units, including 1 entities, in source file /college stuff/fall 2015/digital logic/quartus designs/lab 9/instruction decoder/id.v
    Info (12023): Found entity 1: ID
Info (12021): Found 1 design units, including 1 entities, in source file /college stuff/fall 2015/digital logic/term project/part b/controller/trisccon.v
    Info (12023): Found entity 1: controller
Info (12021): Found 1 design units, including 1 entities, in source file partbcon.bdf
    Info (12023): Found entity 1: PartBCon
Info (12127): Elaborating entity "PartBCon" for the top level hierarchy
Info (12128): Elaborating entity "controller" for hierarchy "controller:inst1"
Warning (10270): Verilog HDL Case Statement warning at TRISCCON.v(20): incomplete case statement has no default case item
Info (10264): Verilog HDL Case Statement information at TRISCCON.v(20): all case item expressions in this case statement are onehot
Warning (10240): Verilog HDL Always Construct warning at TRISCCON.v(18): inferring latch(es) for variable "instruction", which holds its previous value in one or more paths through the always construct
Warning (10235): Verilog HDL Always Construct warning at TRISCCON.v(38): variable "instruction" is read inside the Always Construct but isn't in the Always Construct's Event Control
Warning (10240): Verilog HDL Always Construct warning at TRISCCON.v(31): inferring latch(es) for variable "S", which holds its previous value in one or more paths through the always construct
Info (10041): Inferred latch for "S[0]" at TRISCCON.v(31)
Info (10041): Inferred latch for "S[1]" at TRISCCON.v(31)
Info (10041): Inferred latch for "S[2]" at TRISCCON.v(31)
Info (10041): Inferred latch for "S[3]" at TRISCCON.v(31)
Info (10041): Inferred latch for "S[4]" at TRISCCON.v(31)
Info (10041): Inferred latch for "S[5]" at TRISCCON.v(31)
Info (10041): Inferred latch for "S[6]" at TRISCCON.v(31)
Info (10041): Inferred latch for "S[7]" at TRISCCON.v(31)
Info (10041): Inferred latch for "S[8]" at TRISCCON.v(31)
Info (10041): Inferred latch for "S[9]" at TRISCCON.v(31)
Info (10041): Inferred latch for "S[10]" at TRISCCON.v(31)
Info (10041): Inferred latch for "S[11]" at TRISCCON.v(31)
Info (10041): Inferred latch for "instruction.P" at TRISCCON.v(18)
Info (10041): Inferred latch for "instruction.O" at TRISCCON.v(18)
Info (10041): Inferred latch for "instruction.L" at TRISCCON.v(18)
Info (10041): Inferred latch for "instruction.H" at TRISCCON.v(18)
Info (10041): Inferred latch for "instruction.G" at TRISCCON.v(18)
Info (10041): Inferred latch for "instruction.F" at TRISCCON.v(18)
Info (12128): Elaborating entity "ID" for hierarchy "ID:inst"
Warning (10270): Verilog HDL Case Statement warning at ID.v(11): incomplete case statement has no default case item
Warning (10240): Verilog HDL Always Construct warning at ID.v(9): inferring latch(es) for variable "S", which holds its previous value in one or more paths through the always construct
Info (10041): Inferred latch for "S[10]" at ID.v(9)
Info (10041): Inferred latch for "S[9]" at ID.v(9)
Info (10041): Inferred latch for "S[8]" at ID.v(9)
Info (10041): Inferred latch for "S[7]" at ID.v(9)
Info (10041): Inferred latch for "S[6]" at ID.v(9)
Info (10041): Inferred latch for "S[5]" at ID.v(9)
Info (10041): Inferred latch for "S[4]" at ID.v(9)
Info (10041): Inferred latch for "S[3]" at ID.v(9)
Info (10041): Inferred latch for "S[2]" at ID.v(9)
Info (10041): Inferred latch for "S[1]" at ID.v(9)
Info (10041): Inferred latch for "S[0]" at ID.v(9)
Info (13025): Duplicate LATCH primitives merged into single LATCH primitive
    Info (13026): Duplicate LATCH primitive "controller:inst1|S[6]" merged with LATCH primitive "controller:inst1|S[7]"
    Info (13026): Duplicate LATCH primitive "controller:inst1|S[2]" merged with LATCH primitive "controller:inst1|S[3]"
Warning (13012): Latch controller:inst1|instruction.O_281 has unsafe behavior
    Warning (13013): Ports D and ENA on the latch are fed by the same signal controller:inst1|S[5]
Warning (13012): Latch controller:inst1|instruction.H_297 has unsafe behavior
    Warning (13013): Ports D and ENA on the latch are fed by the same signal controller:inst1|S[5]
Warning (13012): Latch controller:inst1|instruction.L_289 has unsafe behavior
    Warning (13013): Ports D and ENA on the latch are fed by the same signal controller:inst1|S[5]
Warning (13012): Latch controller:inst1|instruction.P_273 has unsafe behavior
    Warning (13013): Ports D and ENA on the latch are fed by the same signal controller:inst1|S[5]
Warning (13012): Latch controller:inst1|instruction.F_313 has unsafe behavior
    Warning (13013): Ports D and ENA on the latch are fed by the same signal controller:inst1|S[5]
Warning (13012): Latch controller:inst1|instruction.G_305 has unsafe behavior
    Warning (13013): Ports D and ENA on the latch are fed by the same signal controller:inst1|S[5]
Warning (13024): Output pins are stuck at VCC or GND
    Warning (13410): Pin "Sig5" is stuck at GND
    Warning (13410): Pin "Sig1" is stuck at GND
Info (17049): 4 registers lost all their fanouts during netlist optimizations.
Info (144001): Generated suppressed messages file E:/College Stuff/Fall 2015/Digital Logic/Term Project/Part B/Controller with ID/output_files/PartBCon.map.smsg
Info (16010): Generating hard_block partition "hard_block:auto_generated_inst"
    Info (16011): Adding 0 node(s), including 0 DDIO, 0 PLL, 0 transceiver and 0 LCELL
Warning (21074): Design contains 4 input pin(s) that do not drive logic
    Warning (15610): No output dependent on input pin "I3"
    Warning (15610): No output dependent on input pin "I2"
    Warning (15610): No output dependent on input pin "I1"
    Warning (15610): No output dependent on input pin "I0"
Info (21057): Implemented 60 device resources after synthesis - the final resource count might be different
    Info (21058): Implemented 5 input pins
    Info (21059): Implemented 12 output pins
    Info (21061): Implemented 43 logic cells
Info: Quartus II 64-Bit Analysis & Synthesis was successful. 0 errors, 27 warnings
    Info: Peak virtual memory: 444 megabytes
    Info: Processing ended: Sat Dec 05 12:04:33 2015
    Info: Elapsed time: 00:00:06
    Info: Total CPU time (on all processors): 00:00:02


+------------------------------------------+
; Analysis & Synthesis Suppressed Messages ;
+------------------------------------------+
The suppressed messages can be found in E:/College Stuff/Fall 2015/Digital Logic/Term Project/Part B/Controller with ID/output_files/PartBCon.map.smsg.


