Analysis & Synthesis report for TRISCA
Sat Dec 05 14:17:36 2015
Quartus II 64-Bit Version 13.0.1 Build 232 06/12/2013 Service Pack 1 SJ Web Edition


---------------------
; Table of Contents ;
---------------------
  1. Legal Notice
  2. Analysis & Synthesis Summary
  3. Analysis & Synthesis Settings
  4. Parallel Compilation
  5. Analysis & Synthesis Source Files Read
  6. Analysis & Synthesis Resource Usage Summary
  7. Analysis & Synthesis Resource Utilization by Entity
  8. Analysis & Synthesis RAM Summary
  9. Analysis & Synthesis IP Cores Summary
 10. User-Specified and Inferred Latches
 11. General Register Statistics
 12. Source assignments for TRISCramF15A:inst5|altsyncram:altsyncram_component|altsyncram_qlc1:auto_generated
 13. Parameter Settings for User Entity Instance: TRISCramF15A:inst5|altsyncram:altsyncram_component
 14. altsyncram Parameter Settings by Entity Instance
 15. Elapsed Time Per Partition
 16. Analysis & Synthesis Messages



----------------
; Legal Notice ;
----------------
Copyright (C) 1991-2013 Altera Corporation
Your use of Altera Corporation's design tools, logic functions 
and other software and tools, and its AMPP partner logic 
functions, and any output files from any of the foregoing 
(including device programming or simulation files), and any 
associated documentation or information are expressly subject 
to the terms and conditions of the Altera Program License 
Subscription Agreement, Altera MegaCore Function License 
Agreement, or other applicable license agreement, including, 
without limitation, that your use is for the sole purpose of 
programming logic devices manufactured by Altera and sold by 
Altera or its authorized distributors.  Please refer to the 
applicable agreement for further details.



+--------------------------------------------------------------------------------------+
; Analysis & Synthesis Summary                                                         ;
+------------------------------------+-------------------------------------------------+
; Analysis & Synthesis Status        ; Successful - Sat Dec 05 14:17:35 2015           ;
; Quartus II 64-Bit Version          ; 13.0.1 Build 232 06/12/2013 SP 1 SJ Web Edition ;
; Revision Name                      ; TRISCA                                          ;
; Top-level Entity Name              ; TRISCA                                          ;
; Family                             ; Cyclone II                                      ;
; Total logic elements               ; 50                                              ;
;     Total combinational functions  ; 44                                              ;
;     Dedicated logic registers      ; 15                                              ;
; Total registers                    ; 15                                              ;
; Total pins                         ; 31                                              ;
; Total virtual pins                 ; 0                                               ;
; Total memory bits                  ; 64                                              ;
; Embedded Multiplier 9-bit elements ; 0                                               ;
; Total PLLs                         ; 0                                               ;
+------------------------------------+-------------------------------------------------+


+----------------------------------------------------------------------------------------------------------------------+
; Analysis & Synthesis Settings                                                                                        ;
+----------------------------------------------------------------------------+--------------------+--------------------+
; Option                                                                     ; Setting            ; Default Value      ;
+----------------------------------------------------------------------------+--------------------+--------------------+
; Device                                                                     ; EP2C20F484C7       ;                    ;
; Top-level entity name                                                      ; TRISCA             ; TRISCA             ;
; Family name                                                                ; Cyclone II         ; Cyclone IV GX      ;
; Use smart compilation                                                      ; Off                ; Off                ;
; Enable parallel Assembler and TimeQuest Timing Analyzer during compilation ; On                 ; On                 ;
; Enable compact report table                                                ; Off                ; Off                ;
; Restructure Multiplexers                                                   ; Auto               ; Auto               ;
; Create Debugging Nodes for IP Cores                                        ; Off                ; Off                ;
; Preserve fewer node names                                                  ; On                 ; On                 ;
; Disable OpenCore Plus hardware evaluation                                  ; Off                ; Off                ;
; Verilog Version                                                            ; Verilog_2001       ; Verilog_2001       ;
; VHDL Version                                                               ; VHDL_1993          ; VHDL_1993          ;
; State Machine Processing                                                   ; Auto               ; Auto               ;
; Safe State Machine                                                         ; Off                ; Off                ;
; Extract Verilog State Machines                                             ; On                 ; On                 ;
; Extract VHDL State Machines                                                ; On                 ; On                 ;
; Ignore Verilog initial constructs                                          ; Off                ; Off                ;
; Iteration limit for constant Verilog loops                                 ; 5000               ; 5000               ;
; Iteration limit for non-constant Verilog loops                             ; 250                ; 250                ;
; Add Pass-Through Logic to Inferred RAMs                                    ; On                 ; On                 ;
; Infer RAMs from Raw Logic                                                  ; On                 ; On                 ;
; Parallel Synthesis                                                         ; On                 ; On                 ;
; DSP Block Balancing                                                        ; Auto               ; Auto               ;
; NOT Gate Push-Back                                                         ; On                 ; On                 ;
; Power-Up Don't Care                                                        ; On                 ; On                 ;
; Remove Redundant Logic Cells                                               ; Off                ; Off                ;
; Remove Duplicate Registers                                                 ; On                 ; On                 ;
; Ignore CARRY Buffers                                                       ; Off                ; Off                ;
; Ignore CASCADE Buffers                                                     ; Off                ; Off                ;
; Ignore GLOBAL Buffers                                                      ; Off                ; Off                ;
; Ignore ROW GLOBAL Buffers                                                  ; Off                ; Off                ;
; Ignore LCELL Buffers                                                       ; Off                ; Off                ;
; Ignore SOFT Buffers                                                        ; On                 ; On                 ;
; Limit AHDL Integers to 32 Bits                                             ; Off                ; Off                ;
; Optimization Technique                                                     ; Balanced           ; Balanced           ;
; Carry Chain Length                                                         ; 70                 ; 70                 ;
; Auto Carry Chains                                                          ; On                 ; On                 ;
; Auto Open-Drain Pins                                                       ; On                 ; On                 ;
; Perform WYSIWYG Primitive Resynthesis                                      ; Off                ; Off                ;
; Auto ROM Replacement                                                       ; On                 ; On                 ;
; Auto RAM Replacement                                                       ; On                 ; On                 ;
; Auto Shift Register Replacement                                            ; Auto               ; Auto               ;
; Allow Shift Register Merging across Hierarchies                            ; Auto               ; Auto               ;
; Auto Clock Enable Replacement                                              ; On                 ; On                 ;
; Strict RAM Replacement                                                     ; Off                ; Off                ;
; Allow Synchronous Control Signals                                          ; On                 ; On                 ;
; Force Use of Synchronous Clear Signals                                     ; Off                ; Off                ;
; Auto RAM to Logic Cell Conversion                                          ; Off                ; Off                ;
; Auto Resource Sharing                                                      ; Off                ; Off                ;
; Allow Any RAM Size For Recognition                                         ; Off                ; Off                ;
; Allow Any ROM Size For Recognition                                         ; Off                ; Off                ;
; Allow Any Shift Register Size For Recognition                              ; Off                ; Off                ;
; Use LogicLock Constraints during Resource Balancing                        ; On                 ; On                 ;
; Ignore translate_off and synthesis_off directives                          ; Off                ; Off                ;
; Timing-Driven Synthesis                                                    ; Off                ; Off                ;
; Report Parameter Settings                                                  ; On                 ; On                 ;
; Report Source Assignments                                                  ; On                 ; On                 ;
; Report Connectivity Checks                                                 ; On                 ; On                 ;
; Ignore Maximum Fan-Out Assignments                                         ; Off                ; Off                ;
; Synchronization Register Chain Length                                      ; 2                  ; 2                  ;
; PowerPlay Power Optimization                                               ; Normal compilation ; Normal compilation ;
; HDL message level                                                          ; Level2             ; Level2             ;
; Suppress Register Optimization Related Messages                            ; Off                ; Off                ;
; Number of Removed Registers Reported in Synthesis Report                   ; 5000               ; 5000               ;
; Number of Swept Nodes Reported in Synthesis Report                         ; 5000               ; 5000               ;
; Number of Inverted Registers Reported in Synthesis Report                  ; 100                ; 100                ;
; Clock MUX Protection                                                       ; On                 ; On                 ;
; Auto Gated Clock Conversion                                                ; Off                ; Off                ;
; Block Design Naming                                                        ; Auto               ; Auto               ;
; SDC constraint protection                                                  ; Off                ; Off                ;
; Synthesis Effort                                                           ; Auto               ; Auto               ;
; Shift Register Replacement - Allow Asynchronous Clear Signal               ; On                 ; On                 ;
; Pre-Mapping Resynthesis Optimization                                       ; Off                ; Off                ;
; Analysis & Synthesis Message Level                                         ; Medium             ; Medium             ;
; Disable Register Merging Across Hierarchies                                ; Auto               ; Auto               ;
; Resource Aware Inference For Block RAM                                     ; On                 ; On                 ;
; Synthesis Seed                                                             ; 1                  ; 1                  ;
+----------------------------------------------------------------------------+--------------------+--------------------+


Parallel compilation was disabled, but you have multiple processors available. Enable parallel compilation to reduce compilation time.
+-------------------------------------+
; Parallel Compilation                ;
+----------------------------+--------+
; Processors                 ; Number ;
+----------------------------+--------+
; Number detected on machine ; 4      ;
; Maximum allowed            ; 1      ;
+----------------------------+--------+


+---------------------------------------------------------------------------------------------------------------------------------------------------------------------------------------------------------------------------------------+
; Analysis & Synthesis Source Files Read                                                                                                                                                                                                ;
+-----------------------------------------------------------------+-----------------+------------------------------------+----------------------------------------------------------------------------------------------------+---------+
; File Name with User-Entered Path                                ; Used in Netlist ; File Type                          ; File Name with Absolute Path                                                                       ; Library ;
+-----------------------------------------------------------------+-----------------+------------------------------------+----------------------------------------------------------------------------------------------------+---------+
; ../4 BIT COUNTER/UPCOUNTER.v                                    ; yes             ; User Verilog HDL File              ; E:/College Stuff/Fall 2015/Digital Logic/Term Project/4 BIT COUNTER/UPCOUNTER.v                    ;         ;
; ../RAM/TRISCramF15A/TRISCramF15A.v                              ; yes             ; User Wizard-Generated File         ; E:/College Stuff/Fall 2015/Digital Logic/Term Project/RAM/TRISCramF15A/TRISCramF15A.v              ;         ;
; ../../Quartus Designs/Lab 9/Instruction Decoder/ID.v            ; yes             ; User Verilog HDL File              ; E:/College Stuff/Fall 2015/Digital Logic/Quartus Designs/Lab 9/Instruction Decoder/ID.v            ;         ;
; ../../Quartus Designs/fourbittosinglesevseg/fourtosingleseven.v ; yes             ; User Verilog HDL File              ; E:/College Stuff/Fall 2015/Digital Logic/Quartus Designs/fourbittosinglesevseg/fourtosingleseven.v ;         ;
; ../../Quartus Designs/Lab 9/Controller/Control.bdf              ; yes             ; User Block Diagram/Schematic File  ; E:/College Stuff/Fall 2015/Digital Logic/Quartus Designs/Lab 9/Controller/Control.bdf              ;         ;
; ../../Quartus Designs/74175reg/74175reg.bdf                     ; yes             ; User Block Diagram/Schematic File  ; E:/College Stuff/Fall 2015/Digital Logic/Quartus Designs/74175reg/74175reg.bdf                     ;         ;
; ../Accumulator/ACC.bdf                                          ; yes             ; User Block Diagram/Schematic File  ; E:/College Stuff/Fall 2015/Digital Logic/Term Project/Accumulator/ACC.bdf                          ;         ;
; ../Program Counter/TRISCPC.bdf                                  ; yes             ; User Block Diagram/Schematic File  ; E:/College Stuff/Fall 2015/Digital Logic/Term Project/Program Counter/TRISCPC.bdf                  ;         ;
; TRISCA.bdf                                                      ; yes             ; User Block Diagram/Schematic File  ; E:/College Stuff/Fall 2015/Digital Logic/Term Project/Part A/TRISCA.bdf                            ;         ;
; 74157.bdf                                                       ; yes             ; Megafunction                       ; c:/altera/13.0sp1/quartus/libraries/others/maxplus2/74157.bdf                                      ;         ;
; 7474.bdf                                                        ; yes             ; Megafunction                       ; c:/altera/13.0sp1/quartus/libraries/others/maxplus2/7474.bdf                                       ;         ;
; 74175.bdf                                                       ; yes             ; Megafunction                       ; c:/altera/13.0sp1/quartus/libraries/others/maxplus2/74175.bdf                                      ;         ;
; altsyncram.tdf                                                  ; yes             ; Megafunction                       ; c:/altera/13.0sp1/quartus/libraries/megafunctions/altsyncram.tdf                                   ;         ;
; stratix_ram_block.inc                                           ; yes             ; Megafunction                       ; c:/altera/13.0sp1/quartus/libraries/megafunctions/stratix_ram_block.inc                            ;         ;
; lpm_mux.inc                                                     ; yes             ; Megafunction                       ; c:/altera/13.0sp1/quartus/libraries/megafunctions/lpm_mux.inc                                      ;         ;
; lpm_decode.inc                                                  ; yes             ; Megafunction                       ; c:/altera/13.0sp1/quartus/libraries/megafunctions/lpm_decode.inc                                   ;         ;
; aglobal130.inc                                                  ; yes             ; Megafunction                       ; c:/altera/13.0sp1/quartus/libraries/megafunctions/aglobal130.inc                                   ;         ;
; a_rdenreg.inc                                                   ; yes             ; Megafunction                       ; c:/altera/13.0sp1/quartus/libraries/megafunctions/a_rdenreg.inc                                    ;         ;
; altrom.inc                                                      ; yes             ; Megafunction                       ; c:/altera/13.0sp1/quartus/libraries/megafunctions/altrom.inc                                       ;         ;
; altram.inc                                                      ; yes             ; Megafunction                       ; c:/altera/13.0sp1/quartus/libraries/megafunctions/altram.inc                                       ;         ;
; altdpram.inc                                                    ; yes             ; Megafunction                       ; c:/altera/13.0sp1/quartus/libraries/megafunctions/altdpram.inc                                     ;         ;
; db/altsyncram_qlc1.tdf                                          ; yes             ; Auto-Generated Megafunction        ; E:/College Stuff/Fall 2015/Digital Logic/Term Project/Part A/db/altsyncram_qlc1.tdf                ;         ;
+-----------------------------------------------------------------+-----------------+------------------------------------+----------------------------------------------------------------------------------------------------+---------+


+-----------------------------------------------------------------------------------+
; Analysis & Synthesis Resource Usage Summary                                       ;
+---------------------------------------------+-------------------------------------+
; Resource                                    ; Usage                               ;
+---------------------------------------------+-------------------------------------+
; Estimated Total logic elements              ; 50                                  ;
;                                             ;                                     ;
; Total combinational functions               ; 44                                  ;
; Logic element usage by number of LUT inputs ;                                     ;
;     -- 4 input functions                    ; 26                                  ;
;     -- 3 input functions                    ; 12                                  ;
;     -- <=2 input functions                  ; 6                                   ;
;                                             ;                                     ;
; Logic elements by mode                      ;                                     ;
;     -- normal mode                          ; 44                                  ;
;     -- arithmetic mode                      ; 0                                   ;
;                                             ;                                     ;
; Total registers                             ; 15                                  ;
;     -- Dedicated logic registers            ; 15                                  ;
;     -- I/O registers                        ; 0                                   ;
;                                             ;                                     ;
; I/O pins                                    ; 31                                  ;
; Total memory bits                           ; 64                                  ;
; Embedded Multiplier 9-bit elements          ; 0                                   ;
; Maximum fan-out node                        ; TRISCPC:inst|Counter:inst1|Count[0] ;
; Maximum fan-out                             ; 15                                  ;
; Total fan-out                               ; 243                                 ;
; Average fan-out                             ; 2.59                                ;
+---------------------------------------------+-------------------------------------+


+------------------------------------------------------------------------------------------------------------------------------------------------------------------------------------------------------------------------------------------------------------------+
; Analysis & Synthesis Resource Utilization by Entity                                                                                                                                                                                                              ;
+-------------------------------------------+-------------------+--------------+-------------+--------------+---------+-----------+------+--------------+-------------------------------------------------------------------------------------------+--------------+
; Compilation Hierarchy Node                ; LC Combinationals ; LC Registers ; Memory Bits ; DSP Elements ; DSP 9x9 ; DSP 18x18 ; Pins ; Virtual Pins ; Full Hierarchy Name                                                                       ; Library Name ;
+-------------------------------------------+-------------------+--------------+-------------+--------------+---------+-----------+------+--------------+-------------------------------------------------------------------------------------------+--------------+
; |TRISCA                                   ; 44 (2)            ; 15 (0)       ; 64          ; 0            ; 0       ; 0         ; 31   ; 0            ; |TRISCA                                                                                   ; work         ;
;    |74175reg:inst3|                       ; 0 (0)             ; 4 (0)        ; 0           ; 0            ; 0       ; 0         ; 0    ; 0            ; |TRISCA|74175reg:inst3                                                                    ; work         ;
;       |74175:2|                           ; 0 (0)             ; 4 (4)        ; 0           ; 0            ; 0       ; 0         ; 0    ; 0            ; |TRISCA|74175reg:inst3|74175:2                                                            ; work         ;
;    |ACC:inst2|                            ; 4 (0)             ; 4 (0)        ; 0           ; 0            ; 0       ; 0         ; 0    ; 0            ; |TRISCA|ACC:inst2                                                                         ; work         ;
;       |Counter:inst5|                     ; 4 (4)             ; 4 (4)        ; 0           ; 0            ; 0       ; 0         ; 0    ; 0            ; |TRISCA|ACC:inst2|Counter:inst5                                                           ; work         ;
;    |Control:inst4|                        ; 13 (8)            ; 3 (0)        ; 0           ; 0            ; 0       ; 0         ; 0    ; 0            ; |TRISCA|Control:inst4                                                                     ; work         ;
;       |7474:inst1|                        ; 0 (0)             ; 1 (1)        ; 0           ; 0            ; 0       ; 0         ; 0    ; 0            ; |TRISCA|Control:inst4|7474:inst1                                                          ; work         ;
;       |7474:inst|                         ; 0 (0)             ; 2 (2)        ; 0           ; 0            ; 0       ; 0         ; 0    ; 0            ; |TRISCA|Control:inst4|7474:inst                                                           ; work         ;
;       |ID:inst10|                         ; 5 (5)             ; 0 (0)        ; 0           ; 0            ; 0       ; 0         ; 0    ; 0            ; |TRISCA|Control:inst4|ID:inst10                                                           ; work         ;
;    |TRISCPC:inst|                         ; 4 (0)             ; 4 (0)        ; 0           ; 0            ; 0       ; 0         ; 0    ; 0            ; |TRISCA|TRISCPC:inst                                                                      ; work         ;
;       |Counter:inst1|                     ; 4 (4)             ; 4 (4)        ; 0           ; 0            ; 0       ; 0         ; 0    ; 0            ; |TRISCA|TRISCPC:inst|Counter:inst1                                                        ; work         ;
;    |TRISCramF15A:inst5|                   ; 0 (0)             ; 0 (0)        ; 64          ; 0            ; 0       ; 0         ; 0    ; 0            ; |TRISCA|TRISCramF15A:inst5                                                                ; work         ;
;       |altsyncram:altsyncram_component|   ; 0 (0)             ; 0 (0)        ; 64          ; 0            ; 0       ; 0         ; 0    ; 0            ; |TRISCA|TRISCramF15A:inst5|altsyncram:altsyncram_component                                ; work         ;
;          |altsyncram_qlc1:auto_generated| ; 0 (0)             ; 0 (0)        ; 64          ; 0            ; 0       ; 0         ; 0    ; 0            ; |TRISCA|TRISCramF15A:inst5|altsyncram:altsyncram_component|altsyncram_qlc1:auto_generated ; work         ;
;    |binarytosingleseven:inst28|           ; 7 (7)             ; 0 (0)        ; 0           ; 0            ; 0       ; 0         ; 0    ; 0            ; |TRISCA|binarytosingleseven:inst28                                                        ; work         ;
;    |binarytosingleseven:inst29|           ; 7 (7)             ; 0 (0)        ; 0           ; 0            ; 0       ; 0         ; 0    ; 0            ; |TRISCA|binarytosingleseven:inst29                                                        ; work         ;
;    |binarytosingleseven:inst30|           ; 7 (7)             ; 0 (0)        ; 0           ; 0            ; 0       ; 0         ; 0    ; 0            ; |TRISCA|binarytosingleseven:inst30                                                        ; work         ;
+-------------------------------------------+-------------------+--------------+-------------+--------------+---------+-----------+------+--------------+-------------------------------------------------------------------------------------------+--------------+
Note: For table entries with two numbers listed, the numbers in parentheses indicate the number of resources of the given type used by the specific entity alone. The numbers listed outside of parentheses indicate the total resources of the given type used by the specific entity and all of its sub-entities in the hierarchy.


+---------------------------------------------------------------------------------------------------------------------------------------------------------------------------------------------------------+
; Analysis & Synthesis RAM Summary                                                                                                                                                                        ;
+----------------------------------------------------------------------------------------------+------+-------------+--------------+--------------+--------------+--------------+------+------------------+
; Name                                                                                         ; Type ; Mode        ; Port A Depth ; Port A Width ; Port B Depth ; Port B Width ; Size ; MIF              ;
+----------------------------------------------------------------------------------------------+------+-------------+--------------+--------------+--------------+--------------+------+------------------+
; TRISCramF15A:inst5|altsyncram:altsyncram_component|altsyncram_qlc1:auto_generated|ALTSYNCRAM ; AUTO ; Single Port ; 16           ; 8            ; --           ; --           ; 128  ; TRISCramF15A.hex ;
+----------------------------------------------------------------------------------------------+------+-------------+--------------+--------------+--------------+--------------+------+------------------+


+------------------------------------------------------------------------------------------------------------------------------------------------------------------------------------+
; Analysis & Synthesis IP Cores Summary                                                                                                                                              ;
+--------+--------------+---------+--------------+--------------+----------------------------+---------------------------------------------------------------------------------------+
; Vendor ; IP Core Name ; Version ; Release Date ; License Type ; Entity Instance            ; IP Include File                                                                       ;
+--------+--------------+---------+--------------+--------------+----------------------------+---------------------------------------------------------------------------------------+
; Altera ; RAM: 1-PORT  ; N/A     ; N/A          ; N/A          ; |TRISCA|TRISCramF15A:inst5 ; E:/College Stuff/Fall 2015/Digital Logic/Term Project/RAM/TRISCramF15A/TRISCramF15A.v ;
+--------+--------------+---------+--------------+--------------+----------------------------+---------------------------------------------------------------------------------------+


+-------------------------------------------------------------------------------------------------------------+
; User-Specified and Inferred Latches                                                                         ;
+----------------------------------------------------+-------------------------------+------------------------+
; Latch Name                                         ; Latch Enable Signal           ; Free of Timing Hazards ;
+----------------------------------------------------+-------------------------------+------------------------+
; Control:inst4|ID:inst10|S[4]                       ; Control:inst4|ID:inst10|Mux11 ; yes                    ;
; Control:inst4|ID:inst10|S[5]                       ; Control:inst4|ID:inst10|Mux11 ; yes                    ;
; Number of user-specified and inferred latches = 2  ;                               ;                        ;
+----------------------------------------------------+-------------------------------+------------------------+
Note: All latches listed above may not be present at the end of synthesis due to various synthesis optimizations.


+------------------------------------------------------+
; General Register Statistics                          ;
+----------------------------------------------+-------+
; Statistic                                    ; Value ;
+----------------------------------------------+-------+
; Total registers                              ; 15    ;
; Number of registers using Synchronous Clear  ; 0     ;
; Number of registers using Synchronous Load   ; 0     ;
; Number of registers using Asynchronous Clear ; 12    ;
; Number of registers using Asynchronous Load  ; 0     ;
; Number of registers using Clock Enable       ; 0     ;
; Number of registers using Preset             ; 0     ;
+----------------------------------------------+-------+


+----------------------------------------------------------------------------------------------------------+
; Source assignments for TRISCramF15A:inst5|altsyncram:altsyncram_component|altsyncram_qlc1:auto_generated ;
+---------------------------------+--------------------+------+--------------------------------------------+
; Assignment                      ; Value              ; From ; To                                         ;
+---------------------------------+--------------------+------+--------------------------------------------+
; OPTIMIZE_POWER_DURING_SYNTHESIS ; NORMAL_COMPILATION ; -    ; -                                          ;
+---------------------------------+--------------------+------+--------------------------------------------+


+-------------------------------------------------------------------------------------------------+
; Parameter Settings for User Entity Instance: TRISCramF15A:inst5|altsyncram:altsyncram_component ;
+------------------------------------+----------------------+-------------------------------------+
; Parameter Name                     ; Value                ; Type                                ;
+------------------------------------+----------------------+-------------------------------------+
; BYTE_SIZE_BLOCK                    ; 8                    ; Untyped                             ;
; AUTO_CARRY_CHAINS                  ; ON                   ; AUTO_CARRY                          ;
; IGNORE_CARRY_BUFFERS               ; OFF                  ; IGNORE_CARRY                        ;
; AUTO_CASCADE_CHAINS                ; ON                   ; AUTO_CASCADE                        ;
; IGNORE_CASCADE_BUFFERS             ; OFF                  ; IGNORE_CASCADE                      ;
; WIDTH_BYTEENA                      ; 1                    ; Untyped                             ;
; OPERATION_MODE                     ; SINGLE_PORT          ; Untyped                             ;
; WIDTH_A                            ; 8                    ; Signed Integer                      ;
; WIDTHAD_A                          ; 4                    ; Signed Integer                      ;
; NUMWORDS_A                         ; 16                   ; Signed Integer                      ;
; OUTDATA_REG_A                      ; CLOCK0               ; Untyped                             ;
; ADDRESS_ACLR_A                     ; NONE                 ; Untyped                             ;
; OUTDATA_ACLR_A                     ; NONE                 ; Untyped                             ;
; WRCONTROL_ACLR_A                   ; NONE                 ; Untyped                             ;
; INDATA_ACLR_A                      ; NONE                 ; Untyped                             ;
; BYTEENA_ACLR_A                     ; NONE                 ; Untyped                             ;
; WIDTH_B                            ; 1                    ; Untyped                             ;
; WIDTHAD_B                          ; 1                    ; Untyped                             ;
; NUMWORDS_B                         ; 1                    ; Untyped                             ;
; INDATA_REG_B                       ; CLOCK1               ; Untyped                             ;
; WRCONTROL_WRADDRESS_REG_B          ; CLOCK1               ; Untyped                             ;
; RDCONTROL_REG_B                    ; CLOCK1               ; Untyped                             ;
; ADDRESS_REG_B                      ; CLOCK1               ; Untyped                             ;
; OUTDATA_REG_B                      ; UNREGISTERED         ; Untyped                             ;
; BYTEENA_REG_B                      ; CLOCK1               ; Untyped                             ;
; INDATA_ACLR_B                      ; NONE                 ; Untyped                             ;
; WRCONTROL_ACLR_B                   ; NONE                 ; Untyped                             ;
; ADDRESS_ACLR_B                     ; NONE                 ; Untyped                             ;
; OUTDATA_ACLR_B                     ; NONE                 ; Untyped                             ;
; RDCONTROL_ACLR_B                   ; NONE                 ; Untyped                             ;
; BYTEENA_ACLR_B                     ; NONE                 ; Untyped                             ;
; WIDTH_BYTEENA_A                    ; 1                    ; Signed Integer                      ;
; WIDTH_BYTEENA_B                    ; 1                    ; Untyped                             ;
; RAM_BLOCK_TYPE                     ; AUTO                 ; Untyped                             ;
; BYTE_SIZE                          ; 8                    ; Untyped                             ;
; READ_DURING_WRITE_MODE_MIXED_PORTS ; DONT_CARE            ; Untyped                             ;
; READ_DURING_WRITE_MODE_PORT_A      ; NEW_DATA_NO_NBE_READ ; Untyped                             ;
; READ_DURING_WRITE_MODE_PORT_B      ; NEW_DATA_NO_NBE_READ ; Untyped                             ;
; INIT_FILE                          ; TRISCramF15A.hex     ; Untyped                             ;
; INIT_FILE_LAYOUT                   ; PORT_A               ; Untyped                             ;
; MAXIMUM_DEPTH                      ; 0                    ; Untyped                             ;
; CLOCK_ENABLE_INPUT_A               ; BYPASS               ; Untyped                             ;
; CLOCK_ENABLE_INPUT_B               ; NORMAL               ; Untyped                             ;
; CLOCK_ENABLE_OUTPUT_A              ; BYPASS               ; Untyped                             ;
; CLOCK_ENABLE_OUTPUT_B              ; NORMAL               ; Untyped                             ;
; CLOCK_ENABLE_CORE_A                ; USE_INPUT_CLKEN      ; Untyped                             ;
; CLOCK_ENABLE_CORE_B                ; USE_INPUT_CLKEN      ; Untyped                             ;
; ENABLE_ECC                         ; FALSE                ; Untyped                             ;
; ECC_PIPELINE_STAGE_ENABLED         ; FALSE                ; Untyped                             ;
; WIDTH_ECCSTATUS                    ; 3                    ; Untyped                             ;
; DEVICE_FAMILY                      ; Cyclone II           ; Untyped                             ;
; CBXI_PARAMETER                     ; altsyncram_qlc1      ; Untyped                             ;
+------------------------------------+----------------------+-------------------------------------+
Note: In order to hide this table in the UI and the text report file, please set the "Show Parameter Settings in Synthesis Report" option in "Analysis and Synthesis Settings -> More Settings" to "Off".


+------------------------------------------------------------------------------------------------+
; altsyncram Parameter Settings by Entity Instance                                               ;
+-------------------------------------------+----------------------------------------------------+
; Name                                      ; Value                                              ;
+-------------------------------------------+----------------------------------------------------+
; Number of entity instances                ; 1                                                  ;
; Entity Instance                           ; TRISCramF15A:inst5|altsyncram:altsyncram_component ;
;     -- OPERATION_MODE                     ; SINGLE_PORT                                        ;
;     -- WIDTH_A                            ; 8                                                  ;
;     -- NUMWORDS_A                         ; 16                                                 ;
;     -- OUTDATA_REG_A                      ; CLOCK0                                             ;
;     -- WIDTH_B                            ; 1                                                  ;
;     -- NUMWORDS_B                         ; 1                                                  ;
;     -- ADDRESS_REG_B                      ; CLOCK1                                             ;
;     -- OUTDATA_REG_B                      ; UNREGISTERED                                       ;
;     -- RAM_BLOCK_TYPE                     ; AUTO                                               ;
;     -- READ_DURING_WRITE_MODE_MIXED_PORTS ; DONT_CARE                                          ;
+-------------------------------------------+----------------------------------------------------+


+-------------------------------+
; Elapsed Time Per Partition    ;
+----------------+--------------+
; Partition Name ; Elapsed Time ;
+----------------+--------------+
; Top            ; 00:00:01     ;
+----------------+--------------+


+-------------------------------+
; Analysis & Synthesis Messages ;
+-------------------------------+
Info: *******************************************************************
Info: Running Quartus II 64-Bit Analysis & Synthesis
    Info: Version 13.0.1 Build 232 06/12/2013 Service Pack 1 SJ Web Edition
    Info: Processing started: Sat Dec 05 14:17:23 2015
Info: Command: quartus_map --read_settings_files=on --write_settings_files=off TRISCA -c TRISCA
Warning (20028): Parallel compilation is not licensed and has been disabled
Info (12021): Found 1 design units, including 1 entities, in source file /college stuff/fall 2015/digital logic/term project/4 bit counter/upcounter.v
    Info (12023): Found entity 1: Counter
Info (12021): Found 1 design units, including 1 entities, in source file /college stuff/fall 2015/digital logic/term project/ram/triscramf15a/triscramf15a.v
    Info (12023): Found entity 1: TRISCramF15A
Info (12021): Found 1 design units, including 1 entities, in source file /college stuff/fall 2015/digital logic/quartus designs/lab 9/instruction decoder/id.v
    Info (12023): Found entity 1: ID
Info (12021): Found 1 design units, including 1 entities, in source file /college stuff/fall 2015/digital logic/quartus designs/fourbittosinglesevseg/singlesevensegblock.bdf
    Info (12023): Found entity 1: singlesevensegblock
Info (12021): Found 1 design units, including 1 entities, in source file /college stuff/fall 2015/digital logic/quartus designs/fourbittosinglesevseg/fourtosingleseven.v
    Info (12023): Found entity 1: binarytosingleseven
Info (12021): Found 1 design units, including 1 entities, in source file /college stuff/fall 2015/digital logic/quartus designs/lab 9/controller/control.bdf
    Info (12023): Found entity 1: Control
Info (12021): Found 1 design units, including 1 entities, in source file /college stuff/fall 2015/digital logic/quartus designs/74175reg/74175reg.bdf
    Info (12023): Found entity 1: 74175reg
Info (12021): Found 1 design units, including 1 entities, in source file /college stuff/fall 2015/digital logic/term project/accumulator/acc.bdf
    Info (12023): Found entity 1: ACC
Info (12021): Found 1 design units, including 1 entities, in source file /college stuff/fall 2015/digital logic/term project/program counter/triscpc.bdf
    Info (12023): Found entity 1: TRISCPC
Info (12021): Found 1 design units, including 1 entities, in source file trisca.bdf
    Info (12023): Found entity 1: TRISCA
Info (12127): Elaborating entity "TRISCA" for the top level hierarchy
Info (12128): Elaborating entity "binarytosingleseven" for hierarchy "binarytosingleseven:inst28"
Info (12128): Elaborating entity "ACC" for hierarchy "ACC:inst2"
Info (12128): Elaborating entity "Counter" for hierarchy "ACC:inst2|Counter:inst5"
Info (12128): Elaborating entity "74157" for hierarchy "ACC:inst2|74157:inst"
Info (12130): Elaborated megafunction instantiation "ACC:inst2|74157:inst"
Info (12128): Elaborating entity "Control" for hierarchy "Control:inst4"
Info (12128): Elaborating entity "7474" for hierarchy "Control:inst4|7474:inst"
Info (12130): Elaborated megafunction instantiation "Control:inst4|7474:inst"
Info (12128): Elaborating entity "ID" for hierarchy "Control:inst4|ID:inst10"
Warning (10270): Verilog HDL Case Statement warning at ID.v(11): incomplete case statement has no default case item
Warning (10240): Verilog HDL Always Construct warning at ID.v(9): inferring latch(es) for variable "S", which holds its previous value in one or more paths through the always construct
Info (10041): Inferred latch for "S[10]" at ID.v(9)
Info (10041): Inferred latch for "S[9]" at ID.v(9)
Info (10041): Inferred latch for "S[8]" at ID.v(9)
Info (10041): Inferred latch for "S[7]" at ID.v(9)
Info (10041): Inferred latch for "S[6]" at ID.v(9)
Info (10041): Inferred latch for "S[5]" at ID.v(9)
Info (10041): Inferred latch for "S[4]" at ID.v(9)
Info (10041): Inferred latch for "S[3]" at ID.v(9)
Info (10041): Inferred latch for "S[2]" at ID.v(9)
Info (10041): Inferred latch for "S[1]" at ID.v(9)
Info (10041): Inferred latch for "S[0]" at ID.v(9)
Info (12128): Elaborating entity "74175reg" for hierarchy "74175reg:inst3"
Info (12128): Elaborating entity "74175" for hierarchy "74175reg:inst3|74175:2"
Info (12130): Elaborated megafunction instantiation "74175reg:inst3|74175:2"
Info (12128): Elaborating entity "TRISCramF15A" for hierarchy "TRISCramF15A:inst5"
Info (12128): Elaborating entity "altsyncram" for hierarchy "TRISCramF15A:inst5|altsyncram:altsyncram_component"
Info (12130): Elaborated megafunction instantiation "TRISCramF15A:inst5|altsyncram:altsyncram_component"
Info (12133): Instantiated megafunction "TRISCramF15A:inst5|altsyncram:altsyncram_component" with the following parameter:
    Info (12134): Parameter "clock_enable_input_a" = "BYPASS"
    Info (12134): Parameter "clock_enable_output_a" = "BYPASS"
    Info (12134): Parameter "init_file" = "TRISCramF15A.hex"
    Info (12134): Parameter "intended_device_family" = "Cyclone II"
    Info (12134): Parameter "lpm_hint" = "ENABLE_RUNTIME_MOD=NO"
    Info (12134): Parameter "lpm_type" = "altsyncram"
    Info (12134): Parameter "numwords_a" = "16"
    Info (12134): Parameter "operation_mode" = "SINGLE_PORT"
    Info (12134): Parameter "outdata_aclr_a" = "NONE"
    Info (12134): Parameter "outdata_reg_a" = "CLOCK0"
    Info (12134): Parameter "power_up_uninitialized" = "FALSE"
    Info (12134): Parameter "widthad_a" = "4"
    Info (12134): Parameter "width_a" = "8"
    Info (12134): Parameter "width_byteena_a" = "1"
Info (12021): Found 1 design units, including 1 entities, in source file db/altsyncram_qlc1.tdf
    Info (12023): Found entity 1: altsyncram_qlc1
Info (12128): Elaborating entity "altsyncram_qlc1" for hierarchy "TRISCramF15A:inst5|altsyncram:altsyncram_component|altsyncram_qlc1:auto_generated"
Info (12128): Elaborating entity "TRISCPC" for hierarchy "TRISCPC:inst"
Warning (14284): Synthesized away the following node(s):
    Warning (14285): Synthesized away the following RAM node(s):
        Warning (14320): Synthesized away node "TRISCramF15A:inst5|altsyncram:altsyncram_component|altsyncram_qlc1:auto_generated|q_a[0]"
        Warning (14320): Synthesized away node "TRISCramF15A:inst5|altsyncram:altsyncram_component|altsyncram_qlc1:auto_generated|q_a[1]"
        Warning (14320): Synthesized away node "TRISCramF15A:inst5|altsyncram:altsyncram_component|altsyncram_qlc1:auto_generated|q_a[2]"
        Warning (14320): Synthesized away node "TRISCramF15A:inst5|altsyncram:altsyncram_component|altsyncram_qlc1:auto_generated|q_a[3]"
Warning (13012): Latch Control:inst4|ID:inst10|S[4] has unsafe behavior
    Warning (13013): Ports D and ENA on the latch are fed by the same signal 74175reg:inst3|74175:2|16
Warning (13012): Latch Control:inst4|ID:inst10|S[5] has unsafe behavior
    Warning (13013): Ports D and ENA on the latch are fed by the same signal 74175reg:inst3|74175:2|15
Info (16010): Generating hard_block partition "hard_block:auto_generated_inst"
    Info (16011): Adding 0 node(s), including 0 DDIO, 0 PLL, 0 transceiver and 0 LCELL
Info (21057): Implemented 85 device resources after synthesis - the final resource count might be different
    Info (21058): Implemented 2 input pins
    Info (21059): Implemented 29 output pins
    Info (21061): Implemented 50 logic cells
    Info (21064): Implemented 4 RAM segments
Info: Quartus II 64-Bit Analysis & Synthesis was successful. 0 errors, 13 warnings
    Info: Peak virtual memory: 447 megabytes
    Info: Processing ended: Sat Dec 05 14:17:36 2015
    Info: Elapsed time: 00:00:13
    Info: Total CPU time (on all processors): 00:00:03


