Analysis & Synthesis report for TRISCC
Tue Dec 08 14:15:07 2015
Quartus II 64-Bit Version 13.0.1 Build 232 06/12/2013 Service Pack 1 SJ Web Edition


---------------------
; Table of Contents ;
---------------------
  1. Legal Notice
  2. Analysis & Synthesis Summary
  3. Analysis & Synthesis Settings
  4. Parallel Compilation
  5. Analysis & Synthesis Source Files Read
  6. Analysis & Synthesis Resource Usage Summary
  7. Analysis & Synthesis Resource Utilization by Entity
  8. Analysis & Synthesis RAM Summary
  9. Analysis & Synthesis IP Cores Summary
 10. User-Specified and Inferred Latches
 11. General Register Statistics
 12. Multiplexer Restructuring Statistics (Restructuring Performed)
 13. Source assignments for TRISCramF15C:inst20|altsyncram:altsyncram_component|altsyncram_slc1:auto_generated
 14. Parameter Settings for User Entity Instance: controller:inst1
 15. Parameter Settings for User Entity Instance: TRISCramF15C:inst20|altsyncram:altsyncram_component
 16. altsyncram Parameter Settings by Entity Instance
 17. Elapsed Time Per Partition
 18. Analysis & Synthesis Messages
 19. Analysis & Synthesis Suppressed Messages



----------------
; Legal Notice ;
----------------
Copyright (C) 1991-2013 Altera Corporation
Your use of Altera Corporation's design tools, logic functions 
and other software and tools, and its AMPP partner logic 
functions, and any output files from any of the foregoing 
(including device programming or simulation files), and any 
associated documentation or information are expressly subject 
to the terms and conditions of the Altera Program License 
Subscription Agreement, Altera MegaCore Function License 
Agreement, or other applicable license agreement, including, 
without limitation, that your use is for the sole purpose of 
programming logic devices manufactured by Altera and sold by 
Altera or its authorized distributors.  Please refer to the 
applicable agreement for further details.



+--------------------------------------------------------------------------------------+
; Analysis & Synthesis Summary                                                         ;
+------------------------------------+-------------------------------------------------+
; Analysis & Synthesis Status        ; Successful - Tue Dec 08 14:15:07 2015           ;
; Quartus II 64-Bit Version          ; 13.0.1 Build 232 06/12/2013 SP 1 SJ Web Edition ;
; Revision Name                      ; TRISCC                                          ;
; Top-level Entity Name              ; TRISCC                                          ;
; Family                             ; Cyclone II                                      ;
; Total logic elements               ; 112                                             ;
;     Total combinational functions  ; 108                                             ;
;     Dedicated logic registers      ; 16                                              ;
; Total registers                    ; 16                                              ;
; Total pins                         ; 35                                              ;
; Total virtual pins                 ; 0                                               ;
; Total memory bits                  ; 128                                             ;
; Embedded Multiplier 9-bit elements ; 0                                               ;
; Total PLLs                         ; 0                                               ;
+------------------------------------+-------------------------------------------------+


+----------------------------------------------------------------------------------------------------------------------+
; Analysis & Synthesis Settings                                                                                        ;
+----------------------------------------------------------------------------+--------------------+--------------------+
; Option                                                                     ; Setting            ; Default Value      ;
+----------------------------------------------------------------------------+--------------------+--------------------+
; Device                                                                     ; EP2C20F484C7       ;                    ;
; Top-level entity name                                                      ; TRISCC             ; TRISCC             ;
; Family name                                                                ; Cyclone II         ; Cyclone IV GX      ;
; Use smart compilation                                                      ; Off                ; Off                ;
; Enable parallel Assembler and TimeQuest Timing Analyzer during compilation ; On                 ; On                 ;
; Enable compact report table                                                ; Off                ; Off                ;
; Restructure Multiplexers                                                   ; Auto               ; Auto               ;
; Create Debugging Nodes for IP Cores                                        ; Off                ; Off                ;
; Preserve fewer node names                                                  ; On                 ; On                 ;
; Disable OpenCore Plus hardware evaluation                                  ; Off                ; Off                ;
; Verilog Version                                                            ; Verilog_2001       ; Verilog_2001       ;
; VHDL Version                                                               ; VHDL_1993          ; VHDL_1993          ;
; State Machine Processing                                                   ; Auto               ; Auto               ;
; Safe State Machine                                                         ; Off                ; Off                ;
; Extract Verilog State Machines                                             ; On                 ; On                 ;
; Extract VHDL State Machines                                                ; On                 ; On                 ;
; Ignore Verilog initial constructs                                          ; Off                ; Off                ;
; Iteration limit for constant Verilog loops                                 ; 5000               ; 5000               ;
; Iteration limit for non-constant Verilog loops                             ; 250                ; 250                ;
; Add Pass-Through Logic to Inferred RAMs                                    ; On                 ; On                 ;
; Infer RAMs from Raw Logic                                                  ; On                 ; On                 ;
; Parallel Synthesis                                                         ; On                 ; On                 ;
; DSP Block Balancing                                                        ; Auto               ; Auto               ;
; NOT Gate Push-Back                                                         ; On                 ; On                 ;
; Power-Up Don't Care                                                        ; On                 ; On                 ;
; Remove Redundant Logic Cells                                               ; Off                ; Off                ;
; Remove Duplicate Registers                                                 ; On                 ; On                 ;
; Ignore CARRY Buffers                                                       ; Off                ; Off                ;
; Ignore CASCADE Buffers                                                     ; Off                ; Off                ;
; Ignore GLOBAL Buffers                                                      ; Off                ; Off                ;
; Ignore ROW GLOBAL Buffers                                                  ; Off                ; Off                ;
; Ignore LCELL Buffers                                                       ; Off                ; Off                ;
; Ignore SOFT Buffers                                                        ; On                 ; On                 ;
; Limit AHDL Integers to 32 Bits                                             ; Off                ; Off                ;
; Optimization Technique                                                     ; Balanced           ; Balanced           ;
; Carry Chain Length                                                         ; 70                 ; 70                 ;
; Auto Carry Chains                                                          ; On                 ; On                 ;
; Auto Open-Drain Pins                                                       ; On                 ; On                 ;
; Perform WYSIWYG Primitive Resynthesis                                      ; Off                ; Off                ;
; Auto ROM Replacement                                                       ; On                 ; On                 ;
; Auto RAM Replacement                                                       ; On                 ; On                 ;
; Auto Shift Register Replacement                                            ; Auto               ; Auto               ;
; Allow Shift Register Merging across Hierarchies                            ; Auto               ; Auto               ;
; Auto Clock Enable Replacement                                              ; On                 ; On                 ;
; Strict RAM Replacement                                                     ; Off                ; Off                ;
; Allow Synchronous Control Signals                                          ; On                 ; On                 ;
; Force Use of Synchronous Clear Signals                                     ; Off                ; Off                ;
; Auto RAM to Logic Cell Conversion                                          ; Off                ; Off                ;
; Auto Resource Sharing                                                      ; Off                ; Off                ;
; Allow Any RAM Size For Recognition                                         ; Off                ; Off                ;
; Allow Any ROM Size For Recognition                                         ; Off                ; Off                ;
; Allow Any Shift Register Size For Recognition                              ; Off                ; Off                ;
; Use LogicLock Constraints during Resource Balancing                        ; On                 ; On                 ;
; Ignore translate_off and synthesis_off directives                          ; Off                ; Off                ;
; Timing-Driven Synthesis                                                    ; Off                ; Off                ;
; Report Parameter Settings                                                  ; On                 ; On                 ;
; Report Source Assignments                                                  ; On                 ; On                 ;
; Report Connectivity Checks                                                 ; On                 ; On                 ;
; Ignore Maximum Fan-Out Assignments                                         ; Off                ; Off                ;
; Synchronization Register Chain Length                                      ; 2                  ; 2                  ;
; PowerPlay Power Optimization                                               ; Normal compilation ; Normal compilation ;
; HDL message level                                                          ; Level2             ; Level2             ;
; Suppress Register Optimization Related Messages                            ; Off                ; Off                ;
; Number of Removed Registers Reported in Synthesis Report                   ; 5000               ; 5000               ;
; Number of Swept Nodes Reported in Synthesis Report                         ; 5000               ; 5000               ;
; Number of Inverted Registers Reported in Synthesis Report                  ; 100                ; 100                ;
; Clock MUX Protection                                                       ; On                 ; On                 ;
; Auto Gated Clock Conversion                                                ; Off                ; Off                ;
; Block Design Naming                                                        ; Auto               ; Auto               ;
; SDC constraint protection                                                  ; Off                ; Off                ;
; Synthesis Effort                                                           ; Auto               ; Auto               ;
; Shift Register Replacement - Allow Asynchronous Clear Signal               ; On                 ; On                 ;
; Pre-Mapping Resynthesis Optimization                                       ; Off                ; Off                ;
; Analysis & Synthesis Message Level                                         ; Medium             ; Medium             ;
; Disable Register Merging Across Hierarchies                                ; Auto               ; Auto               ;
; Resource Aware Inference For Block RAM                                     ; On                 ; On                 ;
; Synthesis Seed                                                             ; 1                  ; 1                  ;
+----------------------------------------------------------------------------+--------------------+--------------------+


Parallel compilation was disabled, but you have multiple processors available. Enable parallel compilation to reduce compilation time.
+-------------------------------------+
; Parallel Compilation                ;
+----------------------------+--------+
; Processors                 ; Number ;
+----------------------------+--------+
; Number detected on machine ; 4      ;
; Maximum allowed            ; 1      ;
+----------------------------+--------+


+---------------------------------------------------------------------------------------------------------------------------------------------------------------------------------------------------------------------------------------+
; Analysis & Synthesis Source Files Read                                                                                                                                                                                                ;
+-----------------------------------------------------------------+-----------------+------------------------------------+----------------------------------------------------------------------------------------------------+---------+
; File Name with User-Entered Path                                ; Used in Netlist ; File Type                          ; File Name with Absolute Path                                                                       ; Library ;
+-----------------------------------------------------------------+-----------------+------------------------------------+----------------------------------------------------------------------------------------------------+---------+
; ../../Quartus Designs/fourbittosinglesevseg/fourtosingleseven.v ; yes             ; User Verilog HDL File              ; E:/College Stuff/Fall 2015/Digital Logic/Quartus Designs/fourbittosinglesevseg/fourtosingleseven.v ;         ;
; ../RAM/TRISCramF15C/TRISCramF15C.v                              ; yes             ; User Wizard-Generated File         ; E:/College Stuff/Fall 2015/Digital Logic/Term Project/RAM/TRISCramF15C/TRISCramF15C.v              ;         ;
; ../../Quartus Designs/Full Adder/FullAdder.bdf                  ; yes             ; User Block Diagram/Schematic File  ; E:/College Stuff/Fall 2015/Digital Logic/Quartus Designs/Full Adder/FullAdder.bdf                  ;         ;
; ../../Quartus Designs/Overflow/Overflow.bdf                     ; yes             ; User Block Diagram/Schematic File  ; E:/College Stuff/Fall 2015/Digital Logic/Quartus Designs/Overflow/Overflow.bdf                     ;         ;
; ../../Quartus Designs/Overflow/ALU.bdf                          ; yes             ; User Block Diagram/Schematic File  ; E:/College Stuff/Fall 2015/Digital Logic/Quartus Designs/Overflow/ALU.bdf                          ;         ;
; ../../Quartus Designs/AdderSubtractor/AdderSubtractor.bdf       ; yes             ; User Block Diagram/Schematic File  ; E:/College Stuff/Fall 2015/Digital Logic/Quartus Designs/AdderSubtractor/AdderSubtractor.bdf       ;         ;
; ../../Quartus Designs/ALUXOR/ALUXOR.bdf                         ; yes             ; User Block Diagram/Schematic File  ; E:/College Stuff/Fall 2015/Digital Logic/Quartus Designs/ALUXOR/ALUXOR.bdf                         ;         ;
; ../../Quartus Designs/ALUMUX/ALUMUX.bdf                         ; yes             ; User Block Diagram/Schematic File  ; E:/College Stuff/Fall 2015/Digital Logic/Quartus Designs/ALUMUX/ALUMUX.bdf                         ;         ;
; ../../Quartus Designs/ALU AND/ALUAND.bdf                        ; yes             ; User Block Diagram/Schematic File  ; E:/College Stuff/Fall 2015/Digital Logic/Quartus Designs/ALU AND/ALUAND.bdf                        ;         ;
; ../../Quartus Designs/74175reg/74175reg.bdf                     ; yes             ; User Block Diagram/Schematic File  ; E:/College Stuff/Fall 2015/Digital Logic/Quartus Designs/74175reg/74175reg.bdf                     ;         ;
; ../Part B/Controller/TRISCCON.v                                 ; yes             ; User Verilog HDL File              ; E:/College Stuff/Fall 2015/Digital Logic/Term Project/Part B/Controller/TRISCCON.v                 ;         ;
; ../Accumulator/ACC.bdf                                          ; yes             ; User Block Diagram/Schematic File  ; E:/College Stuff/Fall 2015/Digital Logic/Term Project/Accumulator/ACC.bdf                          ;         ;
; ../4 BIT COUNTER/UPCOUNTER.v                                    ; yes             ; User Verilog HDL File              ; E:/College Stuff/Fall 2015/Digital Logic/Term Project/4 BIT COUNTER/UPCOUNTER.v                    ;         ;
; ../Program Counter/TRISCPC.bdf                                  ; yes             ; User Block Diagram/Schematic File  ; E:/College Stuff/Fall 2015/Digital Logic/Term Project/Program Counter/TRISCPC.bdf                  ;         ;
; TRISCC.bdf                                                      ; yes             ; User Block Diagram/Schematic File  ; E:/College Stuff/Fall 2015/Digital Logic/Term Project/Part C/TRISCC.bdf                            ;         ;
; 74157.bdf                                                       ; yes             ; Megafunction                       ; c:/altera/13.0sp1/quartus/libraries/others/maxplus2/74157.bdf                                      ;         ;
; 74175.bdf                                                       ; yes             ; Megafunction                       ; c:/altera/13.0sp1/quartus/libraries/others/maxplus2/74175.bdf                                      ;         ;
; altsyncram.tdf                                                  ; yes             ; Megafunction                       ; c:/altera/13.0sp1/quartus/libraries/megafunctions/altsyncram.tdf                                   ;         ;
; stratix_ram_block.inc                                           ; yes             ; Megafunction                       ; c:/altera/13.0sp1/quartus/libraries/megafunctions/stratix_ram_block.inc                            ;         ;
; lpm_mux.inc                                                     ; yes             ; Megafunction                       ; c:/altera/13.0sp1/quartus/libraries/megafunctions/lpm_mux.inc                                      ;         ;
; lpm_decode.inc                                                  ; yes             ; Megafunction                       ; c:/altera/13.0sp1/quartus/libraries/megafunctions/lpm_decode.inc                                   ;         ;
; aglobal130.inc                                                  ; yes             ; Megafunction                       ; c:/altera/13.0sp1/quartus/libraries/megafunctions/aglobal130.inc                                   ;         ;
; a_rdenreg.inc                                                   ; yes             ; Megafunction                       ; c:/altera/13.0sp1/quartus/libraries/megafunctions/a_rdenreg.inc                                    ;         ;
; altrom.inc                                                      ; yes             ; Megafunction                       ; c:/altera/13.0sp1/quartus/libraries/megafunctions/altrom.inc                                       ;         ;
; altram.inc                                                      ; yes             ; Megafunction                       ; c:/altera/13.0sp1/quartus/libraries/megafunctions/altram.inc                                       ;         ;
; altdpram.inc                                                    ; yes             ; Megafunction                       ; c:/altera/13.0sp1/quartus/libraries/megafunctions/altdpram.inc                                     ;         ;
; db/altsyncram_slc1.tdf                                          ; yes             ; Auto-Generated Megafunction        ; E:/College Stuff/Fall 2015/Digital Logic/Term Project/Part C/db/altsyncram_slc1.tdf                ;         ;
+-----------------------------------------------------------------+-----------------+------------------------------------+----------------------------------------------------------------------------------------------------+---------+


+-----------------------------------------------------------------+
; Analysis & Synthesis Resource Usage Summary                     ;
+---------------------------------------------+-------------------+
; Resource                                    ; Usage             ;
+---------------------------------------------+-------------------+
; Estimated Total logic elements              ; 112               ;
;                                             ;                   ;
; Total combinational functions               ; 108               ;
; Logic element usage by number of LUT inputs ;                   ;
;     -- 4 input functions                    ; 55                ;
;     -- 3 input functions                    ; 31                ;
;     -- <=2 input functions                  ; 22                ;
;                                             ;                   ;
; Logic elements by mode                      ;                   ;
;     -- normal mode                          ; 108               ;
;     -- arithmetic mode                      ; 0                 ;
;                                             ;                   ;
; Total registers                             ; 16                ;
;     -- Dedicated logic registers            ; 16                ;
;     -- I/O registers                        ; 0                 ;
;                                             ;                   ;
; I/O pins                                    ; 35                ;
; Total memory bits                           ; 128               ;
; Embedded Multiplier 9-bit elements          ; 0                 ;
; Maximum fan-out node                        ; 74157:inst34|25~0 ;
; Maximum fan-out                             ; 15                ;
; Total fan-out                               ; 488               ;
; Average fan-out                             ; 2.92              ;
+---------------------------------------------+-------------------+


+-------------------------------------------------------------------------------------------------------------------------------------------------------------------------------------------------------------------------------------------------------------------+
; Analysis & Synthesis Resource Utilization by Entity                                                                                                                                                                                                               ;
+-------------------------------------------+-------------------+--------------+-------------+--------------+---------+-----------+------+--------------+--------------------------------------------------------------------------------------------+--------------+
; Compilation Hierarchy Node                ; LC Combinationals ; LC Registers ; Memory Bits ; DSP Elements ; DSP 9x9 ; DSP 18x18 ; Pins ; Virtual Pins ; Full Hierarchy Name                                                                        ; Library Name ;
+-------------------------------------------+-------------------+--------------+-------------+--------------+---------+-----------+------+--------------+--------------------------------------------------------------------------------------------+--------------+
; |TRISCC                                   ; 108 (2)           ; 16 (0)       ; 128         ; 0            ; 0       ; 0         ; 35   ; 0            ; |TRISCC                                                                                    ; work         ;
;    |74157:inst34|                         ; 4 (4)             ; 0 (0)        ; 0           ; 0            ; 0       ; 0         ; 0    ; 0            ; |TRISCC|74157:inst34                                                                       ; work         ;
;    |74175reg:inst3|                       ; 0 (0)             ; 4 (0)        ; 0           ; 0            ; 0       ; 0         ; 0    ; 0            ; |TRISCC|74175reg:inst3                                                                     ; work         ;
;       |74175:2|                           ; 0 (0)             ; 4 (4)        ; 0           ; 0            ; 0       ; 0         ; 0    ; 0            ; |TRISCC|74175reg:inst3|74175:2                                                             ; work         ;
;    |ACC:inst2|                            ; 24 (0)            ; 4 (0)        ; 0           ; 0            ; 0       ; 0         ; 0    ; 0            ; |TRISCC|ACC:inst2                                                                          ; work         ;
;       |74157:inst|                        ; 5 (5)             ; 0 (0)        ; 0           ; 0            ; 0       ; 0         ; 0    ; 0            ; |TRISCC|ACC:inst2|74157:inst                                                               ; work         ;
;       |Counter:inst5|                     ; 19 (19)           ; 4 (4)        ; 0           ; 0            ; 0       ; 0         ; 0    ; 0            ; |TRISCC|ACC:inst2|Counter:inst5                                                            ; work         ;
;    |TRISCPC:inst|                         ; 19 (0)            ; 4 (0)        ; 0           ; 0            ; 0       ; 0         ; 0    ; 0            ; |TRISCC|TRISCPC:inst                                                                       ; work         ;
;       |Counter:inst1|                     ; 19 (19)           ; 4 (4)        ; 0           ; 0            ; 0       ; 0         ; 0    ; 0            ; |TRISCC|TRISCPC:inst|Counter:inst1                                                         ; work         ;
;    |TRISCramF15C:inst20|                  ; 0 (0)             ; 0 (0)        ; 128         ; 0            ; 0       ; 0         ; 0    ; 0            ; |TRISCC|TRISCramF15C:inst20                                                                ; work         ;
;       |altsyncram:altsyncram_component|   ; 0 (0)             ; 0 (0)        ; 128         ; 0            ; 0       ; 0         ; 0    ; 0            ; |TRISCC|TRISCramF15C:inst20|altsyncram:altsyncram_component                                ; work         ;
;          |altsyncram_slc1:auto_generated| ; 0 (0)             ; 0 (0)        ; 128         ; 0            ; 0       ; 0         ; 0    ; 0            ; |TRISCC|TRISCramF15C:inst20|altsyncram:altsyncram_component|altsyncram_slc1:auto_generated ; work         ;
;    |binarytosingleseven:inst28|           ; 7 (7)             ; 0 (0)        ; 0           ; 0            ; 0       ; 0         ; 0    ; 0            ; |TRISCC|binarytosingleseven:inst28                                                         ; work         ;
;    |binarytosingleseven:inst29|           ; 7 (7)             ; 0 (0)        ; 0           ; 0            ; 0       ; 0         ; 0    ; 0            ; |TRISCC|binarytosingleseven:inst29                                                         ; work         ;
;    |binarytosingleseven:inst30|           ; 7 (7)             ; 0 (0)        ; 0           ; 0            ; 0       ; 0         ; 0    ; 0            ; |TRISCC|binarytosingleseven:inst30                                                         ; work         ;
;    |controller:inst1|                     ; 38 (38)           ; 4 (4)        ; 0           ; 0            ; 0       ; 0         ; 0    ; 0            ; |TRISCC|controller:inst1                                                                   ; work         ;
+-------------------------------------------+-------------------+--------------+-------------+--------------+---------+-----------+------+--------------+--------------------------------------------------------------------------------------------+--------------+
Note: For table entries with two numbers listed, the numbers in parentheses indicate the number of resources of the given type used by the specific entity alone. The numbers listed outside of parentheses indicate the total resources of the given type used by the specific entity and all of its sub-entities in the hierarchy.


+----------------------------------------------------------------------------------------------------------------------------------------------------------------------------------------------------------+
; Analysis & Synthesis RAM Summary                                                                                                                                                                         ;
+-----------------------------------------------------------------------------------------------+------+-------------+--------------+--------------+--------------+--------------+------+------------------+
; Name                                                                                          ; Type ; Mode        ; Port A Depth ; Port A Width ; Port B Depth ; Port B Width ; Size ; MIF              ;
+-----------------------------------------------------------------------------------------------+------+-------------+--------------+--------------+--------------+--------------+------+------------------+
; TRISCramF15C:inst20|altsyncram:altsyncram_component|altsyncram_slc1:auto_generated|ALTSYNCRAM ; AUTO ; Single Port ; 16           ; 8            ; --           ; --           ; 128  ; TRISCramF15C.hex ;
+-----------------------------------------------------------------------------------------------+------+-------------+--------------+--------------+--------------+--------------+------+------------------+


+-------------------------------------------------------------------------------------------------------------------------------------------------------------------------------------+
; Analysis & Synthesis IP Cores Summary                                                                                                                                               ;
+--------+--------------+---------+--------------+--------------+-----------------------------+---------------------------------------------------------------------------------------+
; Vendor ; IP Core Name ; Version ; Release Date ; License Type ; Entity Instance             ; IP Include File                                                                       ;
+--------+--------------+---------+--------------+--------------+-----------------------------+---------------------------------------------------------------------------------------+
; Altera ; RAM: 1-PORT  ; N/A     ; N/A          ; N/A          ; |TRISCC|TRISCramF15C:inst20 ; E:/College Stuff/Fall 2015/Digital Logic/Term Project/RAM/TRISCramF15C/TRISCramF15C.v ;
+--------+--------------+---------+--------------+--------------+-----------------------------+---------------------------------------------------------------------------------------+


+-------------------------------------------------------------------------------------------------------+
; User-Specified and Inferred Latches                                                                   ;
+-----------------------------------------------------+------------------------+------------------------+
; Latch Name                                          ; Latch Enable Signal    ; Free of Timing Hazards ;
+-----------------------------------------------------+------------------------+------------------------+
; controller:inst1|S[10]                              ; controller:inst1|Mux14 ; yes                    ;
; controller:inst1|S[11]                              ; controller:inst1|Mux14 ; yes                    ;
; controller:inst1|S[9]                               ; controller:inst1|Mux14 ; yes                    ;
; controller:inst1|S[8]                               ; controller:inst1|Mux14 ; yes                    ;
; controller:inst1|S[7]                               ; controller:inst1|Mux14 ; yes                    ;
; controller:inst1|S[6]                               ; controller:inst1|Mux14 ; yes                    ;
; controller:inst1|S[4]                               ; controller:inst1|Mux14 ; yes                    ;
; controller:inst1|S[5]                               ; controller:inst1|Mux14 ; yes                    ;
; controller:inst1|S[3]                               ; controller:inst1|Mux14 ; yes                    ;
; controller:inst1|S[2]                               ; controller:inst1|Mux14 ; yes                    ;
; controller:inst1|S[1]                               ; controller:inst1|Mux14 ; yes                    ;
; controller:inst1|S[0]                               ; controller:inst1|Mux14 ; yes                    ;
; controller:inst1|instruction[0]                     ; controller:inst1|Mux16 ; yes                    ;
; controller:inst1|instruction[1]                     ; controller:inst1|Mux16 ; yes                    ;
; controller:inst1|instruction[2]                     ; controller:inst1|Mux16 ; yes                    ;
; controller:inst1|instruction[3]                     ; controller:inst1|Mux16 ; yes                    ;
; Number of user-specified and inferred latches = 16  ;                        ;                        ;
+-----------------------------------------------------+------------------------+------------------------+
Note: All latches listed above may not be present at the end of synthesis due to various synthesis optimizations.


+------------------------------------------------------+
; General Register Statistics                          ;
+----------------------------------------------+-------+
; Statistic                                    ; Value ;
+----------------------------------------------+-------+
; Total registers                              ; 16    ;
; Number of registers using Synchronous Clear  ; 0     ;
; Number of registers using Synchronous Load   ; 0     ;
; Number of registers using Asynchronous Clear ; 12    ;
; Number of registers using Asynchronous Load  ; 0     ;
; Number of registers using Clock Enable       ; 0     ;
; Number of registers using Preset             ; 0     ;
+----------------------------------------------+-------+


+-------------------------------------------------------------------------------------------------------------------------------------------------+
; Multiplexer Restructuring Statistics (Restructuring Performed)                                                                                  ;
+--------------------+-----------+---------------+----------------------+------------------------+------------+-----------------------------------+
; Multiplexer Inputs ; Bus Width ; Baseline Area ; Area if Restructured ; Saving if Restructured ; Registered ; Example Multiplexer Output        ;
+--------------------+-----------+---------------+----------------------+------------------------+------------+-----------------------------------+
; 16:1               ; 4 bits    ; 40 LEs        ; 40 LEs               ; 0 LEs                  ; Yes        ; |TRISCC|controller:inst1|state[3] ;
+--------------------+-----------+---------------+----------------------+------------------------+------------+-----------------------------------+


+-----------------------------------------------------------------------------------------------------------+
; Source assignments for TRISCramF15C:inst20|altsyncram:altsyncram_component|altsyncram_slc1:auto_generated ;
+---------------------------------+--------------------+------+---------------------------------------------+
; Assignment                      ; Value              ; From ; To                                          ;
+---------------------------------+--------------------+------+---------------------------------------------+
; OPTIMIZE_POWER_DURING_SYNTHESIS ; NORMAL_COMPILATION ; -    ; -                                           ;
+---------------------------------+--------------------+------+---------------------------------------------+


+---------------------------------------------------------------+
; Parameter Settings for User Entity Instance: controller:inst1 ;
+----------------+-------+--------------------------------------+
; Parameter Name ; Value ; Type                                 ;
+----------------+-------+--------------------------------------+
; A              ; 0000  ; Unsigned Binary                      ;
; B              ; 0001  ; Unsigned Binary                      ;
; C              ; 0010  ; Unsigned Binary                      ;
; D              ; 0011  ; Unsigned Binary                      ;
; E              ; 0100  ; Unsigned Binary                      ;
; F              ; 0101  ; Unsigned Binary                      ;
; G              ; 0110  ; Unsigned Binary                      ;
; H              ; 0111  ; Unsigned Binary                      ;
; I              ; 1000  ; Unsigned Binary                      ;
; J              ; 1001  ; Unsigned Binary                      ;
; K              ; 1010  ; Unsigned Binary                      ;
; L              ; 1011  ; Unsigned Binary                      ;
; M              ; 1100  ; Unsigned Binary                      ;
; N              ; 1101  ; Unsigned Binary                      ;
; O              ; 1110  ; Unsigned Binary                      ;
; P              ; 1111  ; Unsigned Binary                      ;
+----------------+-------+--------------------------------------+
Note: In order to hide this table in the UI and the text report file, please set the "Show Parameter Settings in Synthesis Report" option in "Analysis and Synthesis Settings -> More Settings" to "Off".


+--------------------------------------------------------------------------------------------------+
; Parameter Settings for User Entity Instance: TRISCramF15C:inst20|altsyncram:altsyncram_component ;
+------------------------------------+----------------------+--------------------------------------+
; Parameter Name                     ; Value                ; Type                                 ;
+------------------------------------+----------------------+--------------------------------------+
; BYTE_SIZE_BLOCK                    ; 8                    ; Untyped                              ;
; AUTO_CARRY_CHAINS                  ; ON                   ; AUTO_CARRY                           ;
; IGNORE_CARRY_BUFFERS               ; OFF                  ; IGNORE_CARRY                         ;
; AUTO_CASCADE_CHAINS                ; ON                   ; AUTO_CASCADE                         ;
; IGNORE_CASCADE_BUFFERS             ; OFF                  ; IGNORE_CASCADE                       ;
; WIDTH_BYTEENA                      ; 1                    ; Untyped                              ;
; OPERATION_MODE                     ; SINGLE_PORT          ; Untyped                              ;
; WIDTH_A                            ; 8                    ; Signed Integer                       ;
; WIDTHAD_A                          ; 4                    ; Signed Integer                       ;
; NUMWORDS_A                         ; 16                   ; Signed Integer                       ;
; OUTDATA_REG_A                      ; CLOCK0               ; Untyped                              ;
; ADDRESS_ACLR_A                     ; NONE                 ; Untyped                              ;
; OUTDATA_ACLR_A                     ; NONE                 ; Untyped                              ;
; WRCONTROL_ACLR_A                   ; NONE                 ; Untyped                              ;
; INDATA_ACLR_A                      ; NONE                 ; Untyped                              ;
; BYTEENA_ACLR_A                     ; NONE                 ; Untyped                              ;
; WIDTH_B                            ; 1                    ; Untyped                              ;
; WIDTHAD_B                          ; 1                    ; Untyped                              ;
; NUMWORDS_B                         ; 1                    ; Untyped                              ;
; INDATA_REG_B                       ; CLOCK1               ; Untyped                              ;
; WRCONTROL_WRADDRESS_REG_B          ; CLOCK1               ; Untyped                              ;
; RDCONTROL_REG_B                    ; CLOCK1               ; Untyped                              ;
; ADDRESS_REG_B                      ; CLOCK1               ; Untyped                              ;
; OUTDATA_REG_B                      ; UNREGISTERED         ; Untyped                              ;
; BYTEENA_REG_B                      ; CLOCK1               ; Untyped                              ;
; INDATA_ACLR_B                      ; NONE                 ; Untyped                              ;
; WRCONTROL_ACLR_B                   ; NONE                 ; Untyped                              ;
; ADDRESS_ACLR_B                     ; NONE                 ; Untyped                              ;
; OUTDATA_ACLR_B                     ; NONE                 ; Untyped                              ;
; RDCONTROL_ACLR_B                   ; NONE                 ; Untyped                              ;
; BYTEENA_ACLR_B                     ; NONE                 ; Untyped                              ;
; WIDTH_BYTEENA_A                    ; 1                    ; Signed Integer                       ;
; WIDTH_BYTEENA_B                    ; 1                    ; Untyped                              ;
; RAM_BLOCK_TYPE                     ; AUTO                 ; Untyped                              ;
; BYTE_SIZE                          ; 8                    ; Untyped                              ;
; READ_DURING_WRITE_MODE_MIXED_PORTS ; DONT_CARE            ; Untyped                              ;
; READ_DURING_WRITE_MODE_PORT_A      ; NEW_DATA_NO_NBE_READ ; Untyped                              ;
; READ_DURING_WRITE_MODE_PORT_B      ; NEW_DATA_NO_NBE_READ ; Untyped                              ;
; INIT_FILE                          ; TRISCramF15C.hex     ; Untyped                              ;
; INIT_FILE_LAYOUT                   ; PORT_A               ; Untyped                              ;
; MAXIMUM_DEPTH                      ; 0                    ; Untyped                              ;
; CLOCK_ENABLE_INPUT_A               ; BYPASS               ; Untyped                              ;
; CLOCK_ENABLE_INPUT_B               ; NORMAL               ; Untyped                              ;
; CLOCK_ENABLE_OUTPUT_A              ; BYPASS               ; Untyped                              ;
; CLOCK_ENABLE_OUTPUT_B              ; NORMAL               ; Untyped                              ;
; CLOCK_ENABLE_CORE_A                ; USE_INPUT_CLKEN      ; Untyped                              ;
; CLOCK_ENABLE_CORE_B                ; USE_INPUT_CLKEN      ; Untyped                              ;
; ENABLE_ECC                         ; FALSE                ; Untyped                              ;
; ECC_PIPELINE_STAGE_ENABLED         ; FALSE                ; Untyped                              ;
; WIDTH_ECCSTATUS                    ; 3                    ; Untyped                              ;
; DEVICE_FAMILY                      ; Cyclone II           ; Untyped                              ;
; CBXI_PARAMETER                     ; altsyncram_slc1      ; Untyped                              ;
+------------------------------------+----------------------+--------------------------------------+
Note: In order to hide this table in the UI and the text report file, please set the "Show Parameter Settings in Synthesis Report" option in "Analysis and Synthesis Settings -> More Settings" to "Off".


+-------------------------------------------------------------------------------------------------+
; altsyncram Parameter Settings by Entity Instance                                                ;
+-------------------------------------------+-----------------------------------------------------+
; Name                                      ; Value                                               ;
+-------------------------------------------+-----------------------------------------------------+
; Number of entity instances                ; 1                                                   ;
; Entity Instance                           ; TRISCramF15C:inst20|altsyncram:altsyncram_component ;
;     -- OPERATION_MODE                     ; SINGLE_PORT                                         ;
;     -- WIDTH_A                            ; 8                                                   ;
;     -- NUMWORDS_A                         ; 16                                                  ;
;     -- OUTDATA_REG_A                      ; CLOCK0                                              ;
;     -- WIDTH_B                            ; 1                                                   ;
;     -- NUMWORDS_B                         ; 1                                                   ;
;     -- ADDRESS_REG_B                      ; CLOCK1                                              ;
;     -- OUTDATA_REG_B                      ; UNREGISTERED                                        ;
;     -- RAM_BLOCK_TYPE                     ; AUTO                                                ;
;     -- READ_DURING_WRITE_MODE_MIXED_PORTS ; DONT_CARE                                           ;
+-------------------------------------------+-----------------------------------------------------+


+-------------------------------+
; Elapsed Time Per Partition    ;
+----------------+--------------+
; Partition Name ; Elapsed Time ;
+----------------+--------------+
; Top            ; 00:00:00     ;
+----------------+--------------+


+-------------------------------+
; Analysis & Synthesis Messages ;
+-------------------------------+
Info: *******************************************************************
Info: Running Quartus II 64-Bit Analysis & Synthesis
    Info: Version 13.0.1 Build 232 06/12/2013 Service Pack 1 SJ Web Edition
    Info: Processing started: Tue Dec 08 14:15:03 2015
Info: Command: quartus_map --read_settings_files=on --write_settings_files=off TRISCC -c TRISCC
Warning (20028): Parallel compilation is not licensed and has been disabled
Info (12021): Found 1 design units, including 1 entities, in source file /college stuff/fall 2015/digital logic/quartus designs/fourbittosinglesevseg/singlesevensegblock.bdf
    Info (12023): Found entity 1: singlesevensegblock
Info (12021): Found 1 design units, including 1 entities, in source file /college stuff/fall 2015/digital logic/quartus designs/fourbittosinglesevseg/fourtosingleseven.v
    Info (12023): Found entity 1: binarytosingleseven
Info (12021): Found 1 design units, including 1 entities, in source file /college stuff/fall 2015/digital logic/term project/ram/triscramf15c/triscramf15c.v
    Info (12023): Found entity 1: TRISCramF15C
Info (12021): Found 1 design units, including 1 entities, in source file /college stuff/fall 2015/digital logic/quartus designs/full adder/fulladder.bdf
    Info (12023): Found entity 1: FullAdder
Info (12021): Found 1 design units, including 1 entities, in source file /college stuff/fall 2015/digital logic/quartus designs/ripple adder/ripplecarryadder.bdf
    Info (12023): Found entity 1: RippleCarryAdder
Info (12021): Found 1 design units, including 1 entities, in source file /college stuff/fall 2015/digital logic/quartus designs/overflow/overflow.bdf
    Info (12023): Found entity 1: Overflow
Info (12021): Found 1 design units, including 1 entities, in source file /college stuff/fall 2015/digital logic/quartus designs/overflow/alu.bdf
    Info (12023): Found entity 1: ALU
Info (12021): Found 1 design units, including 1 entities, in source file /college stuff/fall 2015/digital logic/quartus designs/addersubtractor/addersubtractor.bdf
    Info (12023): Found entity 1: AdderSubtractor
Info (12021): Found 1 design units, including 1 entities, in source file /college stuff/fall 2015/digital logic/quartus designs/aluxor/aluxor.bdf
    Info (12023): Found entity 1: ALUXOR
Info (12021): Found 1 design units, including 1 entities, in source file /college stuff/fall 2015/digital logic/quartus designs/alumux/alumux.bdf
    Info (12023): Found entity 1: ALUMUX
Info (12021): Found 1 design units, including 1 entities, in source file /college stuff/fall 2015/digital logic/quartus designs/alu and/aluand.bdf
    Info (12023): Found entity 1: ALUAND
Info (12021): Found 1 design units, including 1 entities, in source file /college stuff/fall 2015/digital logic/quartus designs/74175reg/74175reg.bdf
    Info (12023): Found entity 1: 74175reg
Info (12021): Found 1 design units, including 1 entities, in source file /college stuff/fall 2015/digital logic/term project/part b/controller/trisccon.v
    Info (12023): Found entity 1: controller
Info (12021): Found 1 design units, including 1 entities, in source file /college stuff/fall 2015/digital logic/term project/accumulator/acc.bdf
    Info (12023): Found entity 1: ACC
Info (12021): Found 1 design units, including 1 entities, in source file /college stuff/fall 2015/digital logic/term project/4 bit counter/upcounter.v
    Info (12023): Found entity 1: Counter
Info (12021): Found 1 design units, including 1 entities, in source file /college stuff/fall 2015/digital logic/term project/program counter/triscpc.bdf
    Info (12023): Found entity 1: TRISCPC
Info (12021): Found 1 design units, including 1 entities, in source file triscc.bdf
    Info (12023): Found entity 1: TRISCC
Info (12127): Elaborating entity "TRISCC" for the top level hierarchy
Warning (275008): Primitive "GND" of instance "inst26" not used
Warning (275008): Primitive "GND" of instance "inst4" not used
Info (12128): Elaborating entity "binarytosingleseven" for hierarchy "binarytosingleseven:inst28"
Info (12128): Elaborating entity "ACC" for hierarchy "ACC:inst2"
Info (12128): Elaborating entity "Counter" for hierarchy "ACC:inst2|Counter:inst5"
Info (12128): Elaborating entity "74157" for hierarchy "ACC:inst2|74157:inst"
Info (12130): Elaborated megafunction instantiation "ACC:inst2|74157:inst"
Info (12128): Elaborating entity "controller" for hierarchy "controller:inst1"
Warning (10270): Verilog HDL Case Statement warning at TRISCCON.v(20): incomplete case statement has no default case item
Warning (10240): Verilog HDL Always Construct warning at TRISCCON.v(18): inferring latch(es) for variable "instruction", which holds its previous value in one or more paths through the always construct
Warning (10235): Verilog HDL Always Construct warning at TRISCCON.v(38): variable "instruction" is read inside the Always Construct but isn't in the Always Construct's Event Control
Warning (10240): Verilog HDL Always Construct warning at TRISCCON.v(31): inferring latch(es) for variable "S", which holds its previous value in one or more paths through the always construct
Info (10041): Inferred latch for "S[0]" at TRISCCON.v(31)
Info (10041): Inferred latch for "S[1]" at TRISCCON.v(31)
Info (10041): Inferred latch for "S[2]" at TRISCCON.v(31)
Info (10041): Inferred latch for "S[3]" at TRISCCON.v(31)
Info (10041): Inferred latch for "S[4]" at TRISCCON.v(31)
Info (10041): Inferred latch for "S[5]" at TRISCCON.v(31)
Info (10041): Inferred latch for "S[6]" at TRISCCON.v(31)
Info (10041): Inferred latch for "S[7]" at TRISCCON.v(31)
Info (10041): Inferred latch for "S[8]" at TRISCCON.v(31)
Info (10041): Inferred latch for "S[9]" at TRISCCON.v(31)
Info (10041): Inferred latch for "S[10]" at TRISCCON.v(31)
Info (10041): Inferred latch for "S[11]" at TRISCCON.v(31)
Info (10041): Inferred latch for "instruction[0]" at TRISCCON.v(18)
Info (10041): Inferred latch for "instruction[1]" at TRISCCON.v(18)
Info (10041): Inferred latch for "instruction[2]" at TRISCCON.v(18)
Info (10041): Inferred latch for "instruction[3]" at TRISCCON.v(18)
Info (12128): Elaborating entity "74175reg" for hierarchy "74175reg:inst3"
Info (12128): Elaborating entity "74175" for hierarchy "74175reg:inst3|74175:2"
Info (12130): Elaborated megafunction instantiation "74175reg:inst3|74175:2"
Info (12128): Elaborating entity "TRISCramF15C" for hierarchy "TRISCramF15C:inst20"
Info (12128): Elaborating entity "altsyncram" for hierarchy "TRISCramF15C:inst20|altsyncram:altsyncram_component"
Info (12130): Elaborated megafunction instantiation "TRISCramF15C:inst20|altsyncram:altsyncram_component"
Info (12133): Instantiated megafunction "TRISCramF15C:inst20|altsyncram:altsyncram_component" with the following parameter:
    Info (12134): Parameter "clock_enable_input_a" = "BYPASS"
    Info (12134): Parameter "clock_enable_output_a" = "BYPASS"
    Info (12134): Parameter "init_file" = "TRISCramF15C.hex"
    Info (12134): Parameter "intended_device_family" = "Cyclone II"
    Info (12134): Parameter "lpm_hint" = "ENABLE_RUNTIME_MOD=NO"
    Info (12134): Parameter "lpm_type" = "altsyncram"
    Info (12134): Parameter "numwords_a" = "16"
    Info (12134): Parameter "operation_mode" = "SINGLE_PORT"
    Info (12134): Parameter "outdata_aclr_a" = "NONE"
    Info (12134): Parameter "outdata_reg_a" = "CLOCK0"
    Info (12134): Parameter "power_up_uninitialized" = "FALSE"
    Info (12134): Parameter "widthad_a" = "4"
    Info (12134): Parameter "width_a" = "8"
    Info (12134): Parameter "width_byteena_a" = "1"
Info (12021): Found 1 design units, including 1 entities, in source file db/altsyncram_slc1.tdf
    Info (12023): Found entity 1: altsyncram_slc1
Info (12128): Elaborating entity "altsyncram_slc1" for hierarchy "TRISCramF15C:inst20|altsyncram:altsyncram_component|altsyncram_slc1:auto_generated"
Info (12128): Elaborating entity "TRISCPC" for hierarchy "TRISCPC:inst"
Info (12128): Elaborating entity "ALU" for hierarchy "ALU:inst31"
Info (12128): Elaborating entity "ALUMUX" for hierarchy "ALU:inst31|ALUMUX:inst1"
Info (12128): Elaborating entity "AdderSubtractor" for hierarchy "ALU:inst31|AdderSubtractor:inst2"
Info (12128): Elaborating entity "FullAdder" for hierarchy "ALU:inst31|AdderSubtractor:inst2|FullAdder:inst"
Info (12128): Elaborating entity "Overflow" for hierarchy "ALU:inst31|Overflow:inst3"
Info (12128): Elaborating entity "ALUAND" for hierarchy "ALU:inst31|ALUAND:inst4"
Info (12128): Elaborating entity "ALUXOR" for hierarchy "ALU:inst31|ALUXOR:inst"
Info (13025): Duplicate LATCH primitives merged into single LATCH primitive
    Info (13026): Duplicate LATCH primitive "controller:inst1|S[6]" merged with LATCH primitive "controller:inst1|S[7]"
    Info (13026): Duplicate LATCH primitive "controller:inst1|S[2]" merged with LATCH primitive "controller:inst1|S[3]"
Warning (13012): Latch controller:inst1|S[10] has unsafe behavior
    Warning (13013): Ports D and ENA on the latch are fed by the same signal controller:inst1|state[0]
Warning (13012): Latch controller:inst1|S[11] has unsafe behavior
    Warning (13013): Ports D and ENA on the latch are fed by the same signal controller:inst1|state[0]
Warning (13012): Latch controller:inst1|S[9] has unsafe behavior
    Warning (13013): Ports D and ENA on the latch are fed by the same signal controller:inst1|state[0]
Warning (13012): Latch controller:inst1|S[8] has unsafe behavior
    Warning (13013): Ports D and ENA on the latch are fed by the same signal controller:inst1|state[0]
Warning (13012): Latch controller:inst1|S[7] has unsafe behavior
    Warning (13013): Ports D and ENA on the latch are fed by the same signal controller:inst1|state[0]
Warning (13012): Latch controller:inst1|S[4] has unsafe behavior
    Warning (13013): Ports D and ENA on the latch are fed by the same signal controller:inst1|state[0]
Warning (13012): Latch controller:inst1|S[5] has unsafe behavior
    Warning (13013): Ports D and ENA on the latch are fed by the same signal controller:inst1|state[0]
Warning (13012): Latch controller:inst1|S[3] has unsafe behavior
    Warning (13013): Ports D and ENA on the latch are fed by the same signal controller:inst1|state[0]
Warning (13012): Latch controller:inst1|S[1] has unsafe behavior
    Warning (13013): Ports D and ENA on the latch are fed by the same signal controller:inst1|state[1]
Warning (13012): Latch controller:inst1|S[0] has unsafe behavior
    Warning (13013): Ports D and ENA on the latch are fed by the same signal controller:inst1|state[0]
Warning (13012): Latch controller:inst1|instruction[0] has unsafe behavior
    Warning (13013): Ports D and ENA on the latch are fed by the same signal 74175reg:inst3|74175:2|14
Warning (13012): Latch controller:inst1|instruction[1] has unsafe behavior
    Warning (13013): Ports D and ENA on the latch are fed by the same signal 74175reg:inst3|74175:2|15
Warning (13012): Latch controller:inst1|instruction[2] has unsafe behavior
    Warning (13013): Ports D and ENA on the latch are fed by the same signal 74175reg:inst3|74175:2|14
Warning (13012): Latch controller:inst1|instruction[3] has unsafe behavior
    Warning (13013): Ports D and ENA on the latch are fed by the same signal 74175reg:inst3|74175:2|13
Warning (13004): Presettable and clearable registers converted to equivalent circuits with latches. Registers power-up to an undefined state, and DEVCLRn places the registers in an undefined state.
    Warning (13310): Register "ACC:inst2|Counter:inst5|Count[0]" is converted into an equivalent circuit using register "ACC:inst2|Counter:inst5|Count[0]~_emulated" and latch "ACC:inst2|Counter:inst5|Count[0]~1"
    Warning (13310): Register "ACC:inst2|Counter:inst5|Count[1]" is converted into an equivalent circuit using register "ACC:inst2|Counter:inst5|Count[1]~_emulated" and latch "ACC:inst2|Counter:inst5|Count[1]~6"
    Warning (13310): Register "ACC:inst2|Counter:inst5|Count[2]" is converted into an equivalent circuit using register "ACC:inst2|Counter:inst5|Count[2]~_emulated" and latch "ACC:inst2|Counter:inst5|Count[2]~11"
    Warning (13310): Register "ACC:inst2|Counter:inst5|Count[3]" is converted into an equivalent circuit using register "ACC:inst2|Counter:inst5|Count[3]~_emulated" and latch "ACC:inst2|Counter:inst5|Count[3]~16"
    Warning (13310): Register "TRISCPC:inst|Counter:inst1|Count[0]" is converted into an equivalent circuit using register "TRISCPC:inst|Counter:inst1|Count[0]~_emulated" and latch "TRISCPC:inst|Counter:inst1|Count[0]~1"
    Warning (13310): Register "TRISCPC:inst|Counter:inst1|Count[1]" is converted into an equivalent circuit using register "TRISCPC:inst|Counter:inst1|Count[1]~_emulated" and latch "TRISCPC:inst|Counter:inst1|Count[1]~6"
    Warning (13310): Register "TRISCPC:inst|Counter:inst1|Count[2]" is converted into an equivalent circuit using register "TRISCPC:inst|Counter:inst1|Count[2]~_emulated" and latch "TRISCPC:inst|Counter:inst1|Count[2]~11"
    Warning (13310): Register "TRISCPC:inst|Counter:inst1|Count[3]" is converted into an equivalent circuit using register "TRISCPC:inst|Counter:inst1|Count[3]~_emulated" and latch "TRISCPC:inst|Counter:inst1|Count[3]~16"
Info (144001): Generated suppressed messages file E:/College Stuff/Fall 2015/Digital Logic/Term Project/Part C/output_files/TRISCC.map.smsg
Info (16010): Generating hard_block partition "hard_block:auto_generated_inst"
    Info (16011): Adding 0 node(s), including 0 DDIO, 0 PLL, 0 transceiver and 0 LCELL
Info (21057): Implemented 155 device resources after synthesis - the final resource count might be different
    Info (21058): Implemented 2 input pins
    Info (21059): Implemented 33 output pins
    Info (21061): Implemented 112 logic cells
    Info (21064): Implemented 8 RAM segments
Info: Quartus II 64-Bit Analysis & Synthesis was successful. 0 errors, 44 warnings
    Info: Peak virtual memory: 463 megabytes
    Info: Processing ended: Tue Dec 08 14:15:07 2015
    Info: Elapsed time: 00:00:04
    Info: Total CPU time (on all processors): 00:00:02


+------------------------------------------+
; Analysis & Synthesis Suppressed Messages ;
+------------------------------------------+
The suppressed messages can be found in E:/College Stuff/Fall 2015/Digital Logic/Term Project/Part C/output_files/TRISCC.map.smsg.


